[2025-06-05T23:26:04.822-0300] {processor.py:157} INFO - Started process (PID=36669) to work on /home/alex/mlopszoomcamp/lib/python3.10/site-packages/airflow/example_dags/example_xcom.py
[2025-06-05T23:26:04.822-0300] {processor.py:826} INFO - Processing file /home/alex/mlopszoomcamp/lib/python3.10/site-packages/airflow/example_dags/example_xcom.py for tasks to queue
[2025-06-05T23:26:04.823-0300] {logging_mixin.py:150} INFO - [2025-06-05T23:26:04.823-0300] {dagbag.py:541} INFO - Filling up the DagBag from /home/alex/mlopszoomcamp/lib/python3.10/site-packages/airflow/example_dags/example_xcom.py
[2025-06-05T23:26:04.829-0300] {processor.py:836} INFO - DAG(s) dict_keys(['example_xcom']) retrieved from /home/alex/mlopszoomcamp/lib/python3.10/site-packages/airflow/example_dags/example_xcom.py
[2025-06-05T23:26:05.126-0300] {logging_mixin.py:150} INFO - [2025-06-05T23:26:05.125-0300] {manager.py:504} INFO - Created Permission View: can edit on DAG:example_xcom
[2025-06-05T23:26:05.214-0300] {logging_mixin.py:150} INFO - [2025-06-05T23:26:05.214-0300] {manager.py:504} INFO - Created Permission View: can read on DAG:example_xcom
[2025-06-05T23:26:05.290-0300] {logging_mixin.py:150} INFO - [2025-06-05T23:26:05.290-0300] {manager.py:504} INFO - Created Permission View: can delete on DAG:example_xcom
[2025-06-05T23:26:05.313-0300] {logging_mixin.py:150} INFO - [2025-06-05T23:26:05.313-0300] {dag.py:2742} INFO - Sync 1 DAGs
[2025-06-05T23:26:05.319-0300] {logging_mixin.py:150} INFO - [2025-06-05T23:26:05.319-0300] {dag.py:2763} INFO - Creating ORM DAG for example_xcom
[2025-06-05T23:26:05.325-0300] {logging_mixin.py:150} INFO - [2025-06-05T23:26:05.325-0300] {dag.py:3504} INFO - Setting next_dagrun for example_xcom to 2021-01-01T00:00:00+00:00, run_after=2021-01-01T00:00:00+00:00
[2025-06-05T23:26:05.476-0300] {processor.py:179} INFO - Processing /home/alex/mlopszoomcamp/lib/python3.10/site-packages/airflow/example_dags/example_xcom.py took 0.659 seconds
[2025-06-05T23:27:11.458-0300] {processor.py:157} INFO - Started process (PID=36783) to work on /home/alex/mlopszoomcamp/lib/python3.10/site-packages/airflow/example_dags/example_xcom.py
[2025-06-05T23:27:11.459-0300] {processor.py:826} INFO - Processing file /home/alex/mlopszoomcamp/lib/python3.10/site-packages/airflow/example_dags/example_xcom.py for tasks to queue
[2025-06-05T23:27:11.460-0300] {logging_mixin.py:150} INFO - [2025-06-05T23:27:11.460-0300] {dagbag.py:541} INFO - Filling up the DagBag from /home/alex/mlopszoomcamp/lib/python3.10/site-packages/airflow/example_dags/example_xcom.py
[2025-06-05T23:27:11.465-0300] {processor.py:836} INFO - DAG(s) dict_keys(['example_xcom']) retrieved from /home/alex/mlopszoomcamp/lib/python3.10/site-packages/airflow/example_dags/example_xcom.py
[2025-06-05T23:27:11.476-0300] {logging_mixin.py:150} INFO - [2025-06-05T23:27:11.475-0300] {dag.py:2742} INFO - Sync 1 DAGs
[2025-06-05T23:27:11.487-0300] {logging_mixin.py:150} INFO - [2025-06-05T23:27:11.487-0300] {dag.py:3504} INFO - Setting next_dagrun for example_xcom to 2021-01-01T00:00:00+00:00, run_after=2021-01-01T00:00:00+00:00
[2025-06-05T23:27:11.605-0300] {processor.py:179} INFO - Processing /home/alex/mlopszoomcamp/lib/python3.10/site-packages/airflow/example_dags/example_xcom.py took 0.152 seconds
[2025-06-05T23:28:12.862-0300] {processor.py:157} INFO - Started process (PID=37178) to work on /home/alex/mlopszoomcamp/lib/python3.10/site-packages/airflow/example_dags/example_xcom.py
[2025-06-05T23:28:12.865-0300] {processor.py:826} INFO - Processing file /home/alex/mlopszoomcamp/lib/python3.10/site-packages/airflow/example_dags/example_xcom.py for tasks to queue
[2025-06-05T23:28:12.866-0300] {logging_mixin.py:150} INFO - [2025-06-05T23:28:12.866-0300] {dagbag.py:541} INFO - Filling up the DagBag from /home/alex/mlopszoomcamp/lib/python3.10/site-packages/airflow/example_dags/example_xcom.py
[2025-06-05T23:28:12.875-0300] {processor.py:836} INFO - DAG(s) dict_keys(['example_xcom']) retrieved from /home/alex/mlopszoomcamp/lib/python3.10/site-packages/airflow/example_dags/example_xcom.py
[2025-06-05T23:28:12.884-0300] {logging_mixin.py:150} INFO - [2025-06-05T23:28:12.884-0300] {dag.py:2742} INFO - Sync 1 DAGs
[2025-06-05T23:28:12.894-0300] {logging_mixin.py:150} INFO - [2025-06-05T23:28:12.894-0300] {dag.py:3504} INFO - Setting next_dagrun for example_xcom to 2021-01-01T00:00:00+00:00, run_after=2021-01-01T00:00:00+00:00
[2025-06-05T23:28:12.992-0300] {processor.py:179} INFO - Processing /home/alex/mlopszoomcamp/lib/python3.10/site-packages/airflow/example_dags/example_xcom.py took 0.134 seconds
