[2025-06-05T23:25:13.423-0300] {processor.py:157} INFO - Started process (PID=36522) to work on /home/alex/mlopszoomcamp/lib/python3.10/site-packages/airflow/example_dags/example_xcomargs.py
[2025-06-05T23:25:13.425-0300] {processor.py:826} INFO - Processing file /home/alex/mlopszoomcamp/lib/python3.10/site-packages/airflow/example_dags/example_xcomargs.py for tasks to queue
[2025-06-05T23:25:13.428-0300] {logging_mixin.py:150} INFO - [2025-06-05T23:25:13.427-0300] {dagbag.py:541} INFO - Filling up the DagBag from /home/alex/mlopszoomcamp/lib/python3.10/site-packages/airflow/example_dags/example_xcomargs.py
[2025-06-05T23:25:13.438-0300] {processor.py:836} INFO - DAG(s) dict_keys(['example_xcom_args', 'example_xcom_args_with_operators']) retrieved from /home/alex/mlopszoomcamp/lib/python3.10/site-packages/airflow/example_dags/example_xcomargs.py
[2025-06-05T23:25:14.294-0300] {logging_mixin.py:150} INFO - [2025-06-05T23:25:14.293-0300] {manager.py:504} INFO - Created Permission View: can edit on DAG:example_xcom_args
[2025-06-05T23:25:15.510-0300] {logging_mixin.py:150} INFO - [2025-06-05T23:25:15.510-0300] {manager.py:504} INFO - Created Permission View: can read on DAG:example_xcom_args
[2025-06-05T23:25:15.719-0300] {logging_mixin.py:150} INFO - [2025-06-05T23:25:15.718-0300] {manager.py:504} INFO - Created Permission View: can delete on DAG:example_xcom_args
[2025-06-05T23:25:15.927-0300] {logging_mixin.py:150} INFO - [2025-06-05T23:25:15.926-0300] {manager.py:504} INFO - Created Permission View: can edit on DAG:example_xcom_args_with_operators
[2025-06-05T23:25:16.001-0300] {logging_mixin.py:150} INFO - [2025-06-05T23:25:16.001-0300] {manager.py:504} INFO - Created Permission View: can read on DAG:example_xcom_args_with_operators
[2025-06-05T23:25:16.076-0300] {logging_mixin.py:150} INFO - [2025-06-05T23:25:16.076-0300] {manager.py:504} INFO - Created Permission View: can delete on DAG:example_xcom_args_with_operators
[2025-06-05T23:25:16.079-0300] {logging_mixin.py:150} INFO - [2025-06-05T23:25:16.079-0300] {dag.py:2742} INFO - Sync 2 DAGs
[2025-06-05T23:25:16.085-0300] {logging_mixin.py:150} INFO - [2025-06-05T23:25:16.085-0300] {dag.py:2763} INFO - Creating ORM DAG for example_xcom_args
[2025-06-05T23:25:16.085-0300] {logging_mixin.py:150} INFO - [2025-06-05T23:25:16.085-0300] {dag.py:2763} INFO - Creating ORM DAG for example_xcom_args_with_operators
[2025-06-05T23:25:16.090-0300] {logging_mixin.py:150} INFO - [2025-06-05T23:25:16.090-0300] {dag.py:3504} INFO - Setting next_dagrun for example_xcom_args to None, run_after=None
[2025-06-05T23:25:16.090-0300] {logging_mixin.py:150} INFO - [2025-06-05T23:25:16.090-0300] {dag.py:3504} INFO - Setting next_dagrun for example_xcom_args_with_operators to None, run_after=None
[2025-06-05T23:25:16.237-0300] {processor.py:179} INFO - Processing /home/alex/mlopszoomcamp/lib/python3.10/site-packages/airflow/example_dags/example_xcomargs.py took 2.820 seconds
[2025-06-05T23:26:49.958-0300] {processor.py:157} INFO - Started process (PID=36748) to work on /home/alex/mlopszoomcamp/lib/python3.10/site-packages/airflow/example_dags/example_xcomargs.py
[2025-06-05T23:26:49.960-0300] {processor.py:826} INFO - Processing file /home/alex/mlopszoomcamp/lib/python3.10/site-packages/airflow/example_dags/example_xcomargs.py for tasks to queue
[2025-06-05T23:26:49.961-0300] {logging_mixin.py:150} INFO - [2025-06-05T23:26:49.961-0300] {dagbag.py:541} INFO - Filling up the DagBag from /home/alex/mlopszoomcamp/lib/python3.10/site-packages/airflow/example_dags/example_xcomargs.py
[2025-06-05T23:26:49.967-0300] {processor.py:836} INFO - DAG(s) dict_keys(['example_xcom_args', 'example_xcom_args_with_operators']) retrieved from /home/alex/mlopszoomcamp/lib/python3.10/site-packages/airflow/example_dags/example_xcomargs.py
[2025-06-05T23:26:49.978-0300] {logging_mixin.py:150} INFO - [2025-06-05T23:26:49.977-0300] {dag.py:2742} INFO - Sync 2 DAGs
[2025-06-05T23:26:49.987-0300] {logging_mixin.py:150} INFO - [2025-06-05T23:26:49.987-0300] {dag.py:3504} INFO - Setting next_dagrun for example_xcom_args to None, run_after=None
[2025-06-05T23:26:49.988-0300] {logging_mixin.py:150} INFO - [2025-06-05T23:26:49.988-0300] {dag.py:3504} INFO - Setting next_dagrun for example_xcom_args_with_operators to None, run_after=None
[2025-06-05T23:26:50.071-0300] {processor.py:179} INFO - Processing /home/alex/mlopszoomcamp/lib/python3.10/site-packages/airflow/example_dags/example_xcomargs.py took 0.120 seconds
[2025-06-05T23:27:23.944-0300] {processor.py:157} INFO - Started process (PID=36805) to work on /home/alex/mlopszoomcamp/lib/python3.10/site-packages/airflow/example_dags/example_xcomargs.py
[2025-06-05T23:27:23.959-0300] {processor.py:826} INFO - Processing file /home/alex/mlopszoomcamp/lib/python3.10/site-packages/airflow/example_dags/example_xcomargs.py for tasks to queue
[2025-06-05T23:27:23.961-0300] {logging_mixin.py:150} INFO - [2025-06-05T23:27:23.960-0300] {dagbag.py:541} INFO - Filling up the DagBag from /home/alex/mlopszoomcamp/lib/python3.10/site-packages/airflow/example_dags/example_xcomargs.py
[2025-06-05T23:27:23.973-0300] {processor.py:836} INFO - DAG(s) dict_keys(['example_xcom_args_with_operators', 'example_xcom_args']) retrieved from /home/alex/mlopszoomcamp/lib/python3.10/site-packages/airflow/example_dags/example_xcomargs.py
[2025-06-05T23:27:23.984-0300] {logging_mixin.py:150} INFO - [2025-06-05T23:27:23.984-0300] {dag.py:2742} INFO - Sync 2 DAGs
[2025-06-05T23:27:23.993-0300] {logging_mixin.py:150} INFO - [2025-06-05T23:27:23.993-0300] {dag.py:3504} INFO - Setting next_dagrun for example_xcom_args to None, run_after=None
[2025-06-05T23:27:23.995-0300] {logging_mixin.py:150} INFO - [2025-06-05T23:27:23.995-0300] {dag.py:3504} INFO - Setting next_dagrun for example_xcom_args_with_operators to None, run_after=None
[2025-06-05T23:27:24.101-0300] {processor.py:179} INFO - Processing /home/alex/mlopszoomcamp/lib/python3.10/site-packages/airflow/example_dags/example_xcomargs.py took 0.162 seconds
[2025-06-05T23:28:19.139-0300] {processor.py:157} INFO - Started process (PID=37195) to work on /home/alex/mlopszoomcamp/lib/python3.10/site-packages/airflow/example_dags/example_xcomargs.py
[2025-06-05T23:28:19.149-0300] {processor.py:826} INFO - Processing file /home/alex/mlopszoomcamp/lib/python3.10/site-packages/airflow/example_dags/example_xcomargs.py for tasks to queue
[2025-06-05T23:28:19.151-0300] {logging_mixin.py:150} INFO - [2025-06-05T23:28:19.150-0300] {dagbag.py:541} INFO - Filling up the DagBag from /home/alex/mlopszoomcamp/lib/python3.10/site-packages/airflow/example_dags/example_xcomargs.py
[2025-06-05T23:28:19.160-0300] {processor.py:836} INFO - DAG(s) dict_keys(['example_xcom_args_with_operators', 'example_xcom_args']) retrieved from /home/alex/mlopszoomcamp/lib/python3.10/site-packages/airflow/example_dags/example_xcomargs.py
[2025-06-05T23:28:19.172-0300] {logging_mixin.py:150} INFO - [2025-06-05T23:28:19.172-0300] {dag.py:2742} INFO - Sync 2 DAGs
[2025-06-05T23:28:19.182-0300] {logging_mixin.py:150} INFO - [2025-06-05T23:28:19.182-0300] {dag.py:3504} INFO - Setting next_dagrun for example_xcom_args to None, run_after=None
[2025-06-05T23:28:19.184-0300] {logging_mixin.py:150} INFO - [2025-06-05T23:28:19.184-0300] {dag.py:3504} INFO - Setting next_dagrun for example_xcom_args_with_operators to None, run_after=None
[2025-06-05T23:28:19.292-0300] {processor.py:179} INFO - Processing /home/alex/mlopszoomcamp/lib/python3.10/site-packages/airflow/example_dags/example_xcomargs.py took 0.159 seconds
