[2025-06-05T23:26:02.988-0300] {processor.py:157} INFO - Started process (PID=36666) to work on /home/alex/mlopszoomcamp/lib/python3.10/site-packages/airflow/example_dags/example_trigger_target_dag.py
[2025-06-05T23:26:02.989-0300] {processor.py:826} INFO - Processing file /home/alex/mlopszoomcamp/lib/python3.10/site-packages/airflow/example_dags/example_trigger_target_dag.py for tasks to queue
[2025-06-05T23:26:02.990-0300] {logging_mixin.py:150} INFO - [2025-06-05T23:26:02.989-0300] {dagbag.py:541} INFO - Filling up the DagBag from /home/alex/mlopszoomcamp/lib/python3.10/site-packages/airflow/example_dags/example_trigger_target_dag.py
[2025-06-05T23:26:03.000-0300] {processor.py:836} INFO - DAG(s) dict_keys(['example_trigger_target_dag']) retrieved from /home/alex/mlopszoomcamp/lib/python3.10/site-packages/airflow/example_dags/example_trigger_target_dag.py
[2025-06-05T23:26:03.250-0300] {logging_mixin.py:150} INFO - [2025-06-05T23:26:03.249-0300] {manager.py:504} INFO - Created Permission View: can edit on DAG:example_trigger_target_dag
[2025-06-05T23:26:03.350-0300] {logging_mixin.py:150} INFO - [2025-06-05T23:26:03.349-0300] {manager.py:504} INFO - Created Permission View: can read on DAG:example_trigger_target_dag
[2025-06-05T23:26:03.451-0300] {logging_mixin.py:150} INFO - [2025-06-05T23:26:03.450-0300] {manager.py:504} INFO - Created Permission View: can delete on DAG:example_trigger_target_dag
[2025-06-05T23:26:03.466-0300] {logging_mixin.py:150} INFO - [2025-06-05T23:26:03.466-0300] {dag.py:2742} INFO - Sync 1 DAGs
[2025-06-05T23:26:03.475-0300] {logging_mixin.py:150} INFO - [2025-06-05T23:26:03.475-0300] {dag.py:2763} INFO - Creating ORM DAG for example_trigger_target_dag
[2025-06-05T23:26:03.481-0300] {logging_mixin.py:150} INFO - [2025-06-05T23:26:03.481-0300] {dag.py:3504} INFO - Setting next_dagrun for example_trigger_target_dag to None, run_after=None
[2025-06-05T23:26:03.612-0300] {processor.py:179} INFO - Processing /home/alex/mlopszoomcamp/lib/python3.10/site-packages/airflow/example_dags/example_trigger_target_dag.py took 0.626 seconds
[2025-06-05T23:27:10.205-0300] {processor.py:157} INFO - Started process (PID=36781) to work on /home/alex/mlopszoomcamp/lib/python3.10/site-packages/airflow/example_dags/example_trigger_target_dag.py
[2025-06-05T23:27:10.206-0300] {processor.py:826} INFO - Processing file /home/alex/mlopszoomcamp/lib/python3.10/site-packages/airflow/example_dags/example_trigger_target_dag.py for tasks to queue
[2025-06-05T23:27:10.206-0300] {logging_mixin.py:150} INFO - [2025-06-05T23:27:10.206-0300] {dagbag.py:541} INFO - Filling up the DagBag from /home/alex/mlopszoomcamp/lib/python3.10/site-packages/airflow/example_dags/example_trigger_target_dag.py
[2025-06-05T23:27:10.209-0300] {processor.py:836} INFO - DAG(s) dict_keys(['example_trigger_target_dag']) retrieved from /home/alex/mlopszoomcamp/lib/python3.10/site-packages/airflow/example_dags/example_trigger_target_dag.py
[2025-06-05T23:27:10.217-0300] {logging_mixin.py:150} INFO - [2025-06-05T23:27:10.217-0300] {dag.py:2742} INFO - Sync 1 DAGs
[2025-06-05T23:27:10.226-0300] {logging_mixin.py:150} INFO - [2025-06-05T23:27:10.226-0300] {dag.py:3504} INFO - Setting next_dagrun for example_trigger_target_dag to None, run_after=None
[2025-06-05T23:27:10.379-0300] {processor.py:179} INFO - Processing /home/alex/mlopszoomcamp/lib/python3.10/site-packages/airflow/example_dags/example_trigger_target_dag.py took 0.177 seconds
[2025-06-05T23:28:11.618-0300] {processor.py:157} INFO - Started process (PID=37177) to work on /home/alex/mlopszoomcamp/lib/python3.10/site-packages/airflow/example_dags/example_trigger_target_dag.py
[2025-06-05T23:28:11.626-0300] {processor.py:826} INFO - Processing file /home/alex/mlopszoomcamp/lib/python3.10/site-packages/airflow/example_dags/example_trigger_target_dag.py for tasks to queue
[2025-06-05T23:28:11.628-0300] {logging_mixin.py:150} INFO - [2025-06-05T23:28:11.627-0300] {dagbag.py:541} INFO - Filling up the DagBag from /home/alex/mlopszoomcamp/lib/python3.10/site-packages/airflow/example_dags/example_trigger_target_dag.py
[2025-06-05T23:28:11.637-0300] {processor.py:836} INFO - DAG(s) dict_keys(['example_trigger_target_dag']) retrieved from /home/alex/mlopszoomcamp/lib/python3.10/site-packages/airflow/example_dags/example_trigger_target_dag.py
[2025-06-05T23:28:11.648-0300] {logging_mixin.py:150} INFO - [2025-06-05T23:28:11.647-0300] {dag.py:2742} INFO - Sync 1 DAGs
[2025-06-05T23:28:11.657-0300] {logging_mixin.py:150} INFO - [2025-06-05T23:28:11.657-0300] {dag.py:3504} INFO - Setting next_dagrun for example_trigger_target_dag to None, run_after=None
[2025-06-05T23:28:11.807-0300] {processor.py:179} INFO - Processing /home/alex/mlopszoomcamp/lib/python3.10/site-packages/airflow/example_dags/example_trigger_target_dag.py took 0.193 seconds
