[2025-06-05T23:26:13.726-0300] {processor.py:157} INFO - Started process (PID=36687) to work on /home/alex/mlopszoomcamp/lib/python3.10/site-packages/airflow/example_dags/example_branch_operator_decorator.py
[2025-06-05T23:26:13.727-0300] {processor.py:826} INFO - Processing file /home/alex/mlopszoomcamp/lib/python3.10/site-packages/airflow/example_dags/example_branch_operator_decorator.py for tasks to queue
[2025-06-05T23:26:13.727-0300] {logging_mixin.py:150} INFO - [2025-06-05T23:26:13.727-0300] {dagbag.py:541} INFO - Filling up the DagBag from /home/alex/mlopszoomcamp/lib/python3.10/site-packages/airflow/example_dags/example_branch_operator_decorator.py
[2025-06-05T23:26:13.732-0300] {processor.py:836} INFO - DAG(s) dict_keys(['example_branch_python_operator_decorator']) retrieved from /home/alex/mlopszoomcamp/lib/python3.10/site-packages/airflow/example_dags/example_branch_operator_decorator.py
[2025-06-05T23:26:13.948-0300] {logging_mixin.py:150} INFO - [2025-06-05T23:26:13.947-0300] {manager.py:504} INFO - Created Permission View: can edit on DAG:example_branch_python_operator_decorator
[2025-06-05T23:26:14.023-0300] {logging_mixin.py:150} INFO - [2025-06-05T23:26:14.022-0300] {manager.py:504} INFO - Created Permission View: can read on DAG:example_branch_python_operator_decorator
[2025-06-05T23:26:14.106-0300] {logging_mixin.py:150} INFO - [2025-06-05T23:26:14.106-0300] {manager.py:504} INFO - Created Permission View: can delete on DAG:example_branch_python_operator_decorator
[2025-06-05T23:26:14.126-0300] {logging_mixin.py:150} INFO - [2025-06-05T23:26:14.126-0300] {dag.py:2742} INFO - Sync 1 DAGs
[2025-06-05T23:26:14.131-0300] {logging_mixin.py:150} INFO - [2025-06-05T23:26:14.131-0300] {dag.py:2763} INFO - Creating ORM DAG for example_branch_python_operator_decorator
[2025-06-05T23:26:14.136-0300] {logging_mixin.py:150} INFO - [2025-06-05T23:26:14.136-0300] {dag.py:3504} INFO - Setting next_dagrun for example_branch_python_operator_decorator to 2025-06-05T00:00:00+00:00, run_after=2025-06-06T00:00:00+00:00
[2025-06-05T23:26:14.265-0300] {processor.py:179} INFO - Processing /home/alex/mlopszoomcamp/lib/python3.10/site-packages/airflow/example_dags/example_branch_operator_decorator.py took 0.542 seconds
[2025-06-05T23:27:18.599-0300] {processor.py:157} INFO - Started process (PID=36791) to work on /home/alex/mlopszoomcamp/lib/python3.10/site-packages/airflow/example_dags/example_branch_operator_decorator.py
[2025-06-05T23:27:18.617-0300] {processor.py:826} INFO - Processing file /home/alex/mlopszoomcamp/lib/python3.10/site-packages/airflow/example_dags/example_branch_operator_decorator.py for tasks to queue
[2025-06-05T23:27:18.620-0300] {logging_mixin.py:150} INFO - [2025-06-05T23:27:18.619-0300] {dagbag.py:541} INFO - Filling up the DagBag from /home/alex/mlopszoomcamp/lib/python3.10/site-packages/airflow/example_dags/example_branch_operator_decorator.py
[2025-06-05T23:27:18.634-0300] {processor.py:836} INFO - DAG(s) dict_keys(['example_branch_python_operator_decorator']) retrieved from /home/alex/mlopszoomcamp/lib/python3.10/site-packages/airflow/example_dags/example_branch_operator_decorator.py
[2025-06-05T23:27:18.644-0300] {logging_mixin.py:150} INFO - [2025-06-05T23:27:18.643-0300] {dag.py:2742} INFO - Sync 1 DAGs
[2025-06-05T23:27:18.654-0300] {logging_mixin.py:150} INFO - [2025-06-05T23:27:18.653-0300] {dag.py:3504} INFO - Setting next_dagrun for example_branch_python_operator_decorator to 2025-06-05T00:00:00+00:00, run_after=2025-06-06T00:00:00+00:00
[2025-06-05T23:27:18.769-0300] {processor.py:179} INFO - Processing /home/alex/mlopszoomcamp/lib/python3.10/site-packages/airflow/example_dags/example_branch_operator_decorator.py took 0.172 seconds
[2025-06-05T23:28:24.241-0300] {processor.py:157} INFO - Started process (PID=37258) to work on /home/alex/mlopszoomcamp/lib/python3.10/site-packages/airflow/example_dags/example_branch_operator_decorator.py
[2025-06-05T23:28:24.241-0300] {processor.py:826} INFO - Processing file /home/alex/mlopszoomcamp/lib/python3.10/site-packages/airflow/example_dags/example_branch_operator_decorator.py for tasks to queue
[2025-06-05T23:28:24.242-0300] {logging_mixin.py:150} INFO - [2025-06-05T23:28:24.242-0300] {dagbag.py:541} INFO - Filling up the DagBag from /home/alex/mlopszoomcamp/lib/python3.10/site-packages/airflow/example_dags/example_branch_operator_decorator.py
[2025-06-05T23:28:24.247-0300] {processor.py:836} INFO - DAG(s) dict_keys(['example_branch_python_operator_decorator']) retrieved from /home/alex/mlopszoomcamp/lib/python3.10/site-packages/airflow/example_dags/example_branch_operator_decorator.py
[2025-06-05T23:28:24.257-0300] {logging_mixin.py:150} INFO - [2025-06-05T23:28:24.257-0300] {dag.py:2742} INFO - Sync 1 DAGs
[2025-06-05T23:28:24.270-0300] {logging_mixin.py:150} INFO - [2025-06-05T23:28:24.269-0300] {dag.py:3504} INFO - Setting next_dagrun for example_branch_python_operator_decorator to 2025-06-05T00:00:00+00:00, run_after=2025-06-06T00:00:00+00:00
[2025-06-05T23:28:24.351-0300] {processor.py:179} INFO - Processing /home/alex/mlopszoomcamp/lib/python3.10/site-packages/airflow/example_dags/example_branch_operator_decorator.py took 0.112 seconds
