[2025-06-05T23:26:08.321-0300] {processor.py:157} INFO - Started process (PID=36677) to work on /home/alex/mlopszoomcamp/lib/python3.10/site-packages/airflow/example_dags/example_subdag_operator.py
[2025-06-05T23:26:08.321-0300] {processor.py:826} INFO - Processing file /home/alex/mlopszoomcamp/lib/python3.10/site-packages/airflow/example_dags/example_subdag_operator.py for tasks to queue
[2025-06-05T23:26:08.322-0300] {logging_mixin.py:150} INFO - [2025-06-05T23:26:08.321-0300] {dagbag.py:541} INFO - Filling up the DagBag from /home/alex/mlopszoomcamp/lib/python3.10/site-packages/airflow/example_dags/example_subdag_operator.py
[2025-06-05T23:26:08.334-0300] {processor.py:836} INFO - DAG(s) dict_keys(['example_subdag_operator.section-1', 'example_subdag_operator.section-2', 'example_subdag_operator']) retrieved from /home/alex/mlopszoomcamp/lib/python3.10/site-packages/airflow/example_dags/example_subdag_operator.py
[2025-06-05T23:26:08.567-0300] {logging_mixin.py:150} INFO - [2025-06-05T23:26:08.566-0300] {manager.py:504} INFO - Created Permission View: can edit on DAG:example_subdag_operator
[2025-06-05T23:26:08.683-0300] {logging_mixin.py:150} INFO - [2025-06-05T23:26:08.682-0300] {manager.py:504} INFO - Created Permission View: can read on DAG:example_subdag_operator
[2025-06-05T23:26:08.775-0300] {logging_mixin.py:150} INFO - [2025-06-05T23:26:08.774-0300] {manager.py:504} INFO - Created Permission View: can delete on DAG:example_subdag_operator
[2025-06-05T23:26:08.797-0300] {logging_mixin.py:150} INFO - [2025-06-05T23:26:08.797-0300] {dag.py:2742} INFO - Sync 3 DAGs
[2025-06-05T23:26:08.809-0300] {logging_mixin.py:150} INFO - [2025-06-05T23:26:08.809-0300] {dag.py:2763} INFO - Creating ORM DAG for example_subdag_operator.section-1
[2025-06-05T23:26:08.809-0300] {logging_mixin.py:150} INFO - [2025-06-05T23:26:08.809-0300] {dag.py:2763} INFO - Creating ORM DAG for example_subdag_operator
[2025-06-05T23:26:08.810-0300] {logging_mixin.py:150} INFO - [2025-06-05T23:26:08.810-0300] {dag.py:2763} INFO - Creating ORM DAG for example_subdag_operator.section-2
[2025-06-05T23:26:08.814-0300] {logging_mixin.py:150} INFO - [2025-06-05T23:26:08.814-0300] {dag.py:3504} INFO - Setting next_dagrun for example_subdag_operator to 2022-01-01T00:00:00+00:00, run_after=2022-01-01T00:00:00+00:00
[2025-06-05T23:26:08.814-0300] {logging_mixin.py:150} INFO - [2025-06-05T23:26:08.814-0300] {dag.py:3504} INFO - Setting next_dagrun for example_subdag_operator.section-1 to None, run_after=None
[2025-06-05T23:26:08.814-0300] {logging_mixin.py:150} INFO - [2025-06-05T23:26:08.814-0300] {dag.py:3504} INFO - Setting next_dagrun for example_subdag_operator.section-2 to None, run_after=None
[2025-06-05T23:26:08.818-0300] {logging_mixin.py:150} INFO - [2025-06-05T23:26:08.818-0300] {dag.py:2742} INFO - Sync 2 DAGs
[2025-06-05T23:26:08.821-0300] {logging_mixin.py:150} INFO - [2025-06-05T23:26:08.821-0300] {dag.py:3504} INFO - Setting next_dagrun for example_subdag_operator.section-1 to None, run_after=None
[2025-06-05T23:26:08.822-0300] {logging_mixin.py:150} INFO - [2025-06-05T23:26:08.822-0300] {dag.py:3504} INFO - Setting next_dagrun for example_subdag_operator.section-2 to None, run_after=None
[2025-06-05T23:26:08.995-0300] {processor.py:179} INFO - Processing /home/alex/mlopszoomcamp/lib/python3.10/site-packages/airflow/example_dags/example_subdag_operator.py took 0.677 seconds
[2025-06-05T23:27:13.585-0300] {processor.py:157} INFO - Started process (PID=36786) to work on /home/alex/mlopszoomcamp/lib/python3.10/site-packages/airflow/example_dags/example_subdag_operator.py
[2025-06-05T23:27:13.586-0300] {processor.py:826} INFO - Processing file /home/alex/mlopszoomcamp/lib/python3.10/site-packages/airflow/example_dags/example_subdag_operator.py for tasks to queue
[2025-06-05T23:27:13.587-0300] {logging_mixin.py:150} INFO - [2025-06-05T23:27:13.586-0300] {dagbag.py:541} INFO - Filling up the DagBag from /home/alex/mlopszoomcamp/lib/python3.10/site-packages/airflow/example_dags/example_subdag_operator.py
[2025-06-05T23:27:13.600-0300] {processor.py:836} INFO - DAG(s) dict_keys(['example_subdag_operator.section-1', 'example_subdag_operator.section-2', 'example_subdag_operator']) retrieved from /home/alex/mlopszoomcamp/lib/python3.10/site-packages/airflow/example_dags/example_subdag_operator.py
[2025-06-05T23:27:13.608-0300] {logging_mixin.py:150} INFO - [2025-06-05T23:27:13.608-0300] {dag.py:2742} INFO - Sync 3 DAGs
[2025-06-05T23:27:13.617-0300] {logging_mixin.py:150} INFO - [2025-06-05T23:27:13.617-0300] {dag.py:3504} INFO - Setting next_dagrun for example_subdag_operator to 2022-01-01T00:00:00+00:00, run_after=2022-01-01T00:00:00+00:00
[2025-06-05T23:27:13.619-0300] {logging_mixin.py:150} INFO - [2025-06-05T23:27:13.618-0300] {dag.py:3504} INFO - Setting next_dagrun for example_subdag_operator.section-1 to None, run_after=None
[2025-06-05T23:27:13.619-0300] {logging_mixin.py:150} INFO - [2025-06-05T23:27:13.619-0300] {dag.py:3504} INFO - Setting next_dagrun for example_subdag_operator.section-2 to None, run_after=None
[2025-06-05T23:27:13.622-0300] {logging_mixin.py:150} INFO - [2025-06-05T23:27:13.622-0300] {dag.py:2742} INFO - Sync 2 DAGs
[2025-06-05T23:27:13.624-0300] {logging_mixin.py:150} INFO - [2025-06-05T23:27:13.624-0300] {dag.py:3504} INFO - Setting next_dagrun for example_subdag_operator.section-1 to None, run_after=None
[2025-06-05T23:27:13.624-0300] {logging_mixin.py:150} INFO - [2025-06-05T23:27:13.624-0300] {dag.py:3504} INFO - Setting next_dagrun for example_subdag_operator.section-2 to None, run_after=None
[2025-06-05T23:27:13.728-0300] {processor.py:179} INFO - Processing /home/alex/mlopszoomcamp/lib/python3.10/site-packages/airflow/example_dags/example_subdag_operator.py took 0.146 seconds
[2025-06-05T23:28:13.920-0300] {processor.py:157} INFO - Started process (PID=37180) to work on /home/alex/mlopszoomcamp/lib/python3.10/site-packages/airflow/example_dags/example_subdag_operator.py
[2025-06-05T23:28:13.921-0300] {processor.py:826} INFO - Processing file /home/alex/mlopszoomcamp/lib/python3.10/site-packages/airflow/example_dags/example_subdag_operator.py for tasks to queue
[2025-06-05T23:28:13.921-0300] {logging_mixin.py:150} INFO - [2025-06-05T23:28:13.921-0300] {dagbag.py:541} INFO - Filling up the DagBag from /home/alex/mlopszoomcamp/lib/python3.10/site-packages/airflow/example_dags/example_subdag_operator.py
[2025-06-05T23:28:13.932-0300] {processor.py:836} INFO - DAG(s) dict_keys(['example_subdag_operator.section-1', 'example_subdag_operator.section-2', 'example_subdag_operator']) retrieved from /home/alex/mlopszoomcamp/lib/python3.10/site-packages/airflow/example_dags/example_subdag_operator.py
[2025-06-05T23:28:13.940-0300] {logging_mixin.py:150} INFO - [2025-06-05T23:28:13.940-0300] {dag.py:2742} INFO - Sync 3 DAGs
[2025-06-05T23:28:13.950-0300] {logging_mixin.py:150} INFO - [2025-06-05T23:28:13.950-0300] {dag.py:3504} INFO - Setting next_dagrun for example_subdag_operator to 2022-01-01T00:00:00+00:00, run_after=2022-01-01T00:00:00+00:00
[2025-06-05T23:28:13.951-0300] {logging_mixin.py:150} INFO - [2025-06-05T23:28:13.951-0300] {dag.py:3504} INFO - Setting next_dagrun for example_subdag_operator.section-1 to None, run_after=None
[2025-06-05T23:28:13.952-0300] {logging_mixin.py:150} INFO - [2025-06-05T23:28:13.952-0300] {dag.py:3504} INFO - Setting next_dagrun for example_subdag_operator.section-2 to None, run_after=None
[2025-06-05T23:28:13.955-0300] {logging_mixin.py:150} INFO - [2025-06-05T23:28:13.955-0300] {dag.py:2742} INFO - Sync 2 DAGs
[2025-06-05T23:28:13.957-0300] {logging_mixin.py:150} INFO - [2025-06-05T23:28:13.957-0300] {dag.py:3504} INFO - Setting next_dagrun for example_subdag_operator.section-1 to None, run_after=None
[2025-06-05T23:28:13.957-0300] {logging_mixin.py:150} INFO - [2025-06-05T23:28:13.957-0300] {dag.py:3504} INFO - Setting next_dagrun for example_subdag_operator.section-2 to None, run_after=None
[2025-06-05T23:28:14.051-0300] {processor.py:179} INFO - Processing /home/alex/mlopszoomcamp/lib/python3.10/site-packages/airflow/example_dags/example_subdag_operator.py took 0.133 seconds
