[2025-06-05T23:26:15.484-0300] {processor.py:157} INFO - Started process (PID=36690) to work on /home/alex/mlopszoomcamp/lib/python3.10/site-packages/airflow/example_dags/example_dynamic_task_mapping.py
[2025-06-05T23:26:15.486-0300] {processor.py:826} INFO - Processing file /home/alex/mlopszoomcamp/lib/python3.10/site-packages/airflow/example_dags/example_dynamic_task_mapping.py for tasks to queue
[2025-06-05T23:26:15.488-0300] {logging_mixin.py:150} INFO - [2025-06-05T23:26:15.487-0300] {dagbag.py:541} INFO - Filling up the DagBag from /home/alex/mlopszoomcamp/lib/python3.10/site-packages/airflow/example_dags/example_dynamic_task_mapping.py
[2025-06-05T23:26:15.497-0300] {processor.py:836} INFO - DAG(s) dict_keys(['example_dynamic_task_mapping']) retrieved from /home/alex/mlopszoomcamp/lib/python3.10/site-packages/airflow/example_dags/example_dynamic_task_mapping.py
[2025-06-05T23:26:15.732-0300] {logging_mixin.py:150} INFO - [2025-06-05T23:26:15.732-0300] {manager.py:504} INFO - Created Permission View: can edit on DAG:example_dynamic_task_mapping
[2025-06-05T23:26:15.797-0300] {logging_mixin.py:150} INFO - [2025-06-05T23:26:15.796-0300] {manager.py:504} INFO - Created Permission View: can read on DAG:example_dynamic_task_mapping
[2025-06-05T23:26:15.874-0300] {logging_mixin.py:150} INFO - [2025-06-05T23:26:15.874-0300] {manager.py:504} INFO - Created Permission View: can delete on DAG:example_dynamic_task_mapping
[2025-06-05T23:26:15.885-0300] {logging_mixin.py:150} INFO - [2025-06-05T23:26:15.885-0300] {dag.py:2742} INFO - Sync 1 DAGs
[2025-06-05T23:26:15.890-0300] {logging_mixin.py:150} INFO - [2025-06-05T23:26:15.890-0300] {dag.py:2763} INFO - Creating ORM DAG for example_dynamic_task_mapping
[2025-06-05T23:26:15.896-0300] {logging_mixin.py:150} INFO - [2025-06-05T23:26:15.895-0300] {dag.py:3504} INFO - Setting next_dagrun for example_dynamic_task_mapping to 2022-03-04T00:00:00+00:00, run_after=2022-03-05T00:00:00+00:00
[2025-06-05T23:26:16.021-0300] {processor.py:179} INFO - Processing /home/alex/mlopszoomcamp/lib/python3.10/site-packages/airflow/example_dags/example_dynamic_task_mapping.py took 0.540 seconds
[2025-06-05T23:27:19.941-0300] {processor.py:157} INFO - Started process (PID=36793) to work on /home/alex/mlopszoomcamp/lib/python3.10/site-packages/airflow/example_dags/example_dynamic_task_mapping.py
[2025-06-05T23:27:19.943-0300] {processor.py:826} INFO - Processing file /home/alex/mlopszoomcamp/lib/python3.10/site-packages/airflow/example_dags/example_dynamic_task_mapping.py for tasks to queue
[2025-06-05T23:27:19.945-0300] {logging_mixin.py:150} INFO - [2025-06-05T23:27:19.944-0300] {dagbag.py:541} INFO - Filling up the DagBag from /home/alex/mlopszoomcamp/lib/python3.10/site-packages/airflow/example_dags/example_dynamic_task_mapping.py
[2025-06-05T23:27:19.953-0300] {processor.py:836} INFO - DAG(s) dict_keys(['example_dynamic_task_mapping']) retrieved from /home/alex/mlopszoomcamp/lib/python3.10/site-packages/airflow/example_dags/example_dynamic_task_mapping.py
[2025-06-05T23:27:19.962-0300] {logging_mixin.py:150} INFO - [2025-06-05T23:27:19.962-0300] {dag.py:2742} INFO - Sync 1 DAGs
[2025-06-05T23:27:19.971-0300] {logging_mixin.py:150} INFO - [2025-06-05T23:27:19.971-0300] {dag.py:3504} INFO - Setting next_dagrun for example_dynamic_task_mapping to 2022-03-04T00:00:00+00:00, run_after=2022-03-05T00:00:00+00:00
[2025-06-05T23:27:20.076-0300] {processor.py:179} INFO - Processing /home/alex/mlopszoomcamp/lib/python3.10/site-packages/airflow/example_dags/example_dynamic_task_mapping.py took 0.141 seconds
[2025-06-05T23:28:25.698-0300] {processor.py:157} INFO - Started process (PID=37261) to work on /home/alex/mlopszoomcamp/lib/python3.10/site-packages/airflow/example_dags/example_dynamic_task_mapping.py
[2025-06-05T23:28:25.738-0300] {processor.py:826} INFO - Processing file /home/alex/mlopszoomcamp/lib/python3.10/site-packages/airflow/example_dags/example_dynamic_task_mapping.py for tasks to queue
[2025-06-05T23:28:25.740-0300] {logging_mixin.py:150} INFO - [2025-06-05T23:28:25.739-0300] {dagbag.py:541} INFO - Filling up the DagBag from /home/alex/mlopszoomcamp/lib/python3.10/site-packages/airflow/example_dags/example_dynamic_task_mapping.py
[2025-06-05T23:28:25.750-0300] {processor.py:836} INFO - DAG(s) dict_keys(['example_dynamic_task_mapping']) retrieved from /home/alex/mlopszoomcamp/lib/python3.10/site-packages/airflow/example_dags/example_dynamic_task_mapping.py
[2025-06-05T23:28:25.907-0300] {logging_mixin.py:150} INFO - [2025-06-05T23:28:25.906-0300] {dag.py:2742} INFO - Sync 1 DAGs
[2025-06-05T23:28:26.203-0300] {logging_mixin.py:150} INFO - [2025-06-05T23:28:26.202-0300] {dag.py:3504} INFO - Setting next_dagrun for example_dynamic_task_mapping to 2022-03-04T00:00:00+00:00, run_after=2022-03-05T00:00:00+00:00
[2025-06-05T23:28:26.923-0300] {processor.py:179} INFO - Processing /home/alex/mlopszoomcamp/lib/python3.10/site-packages/airflow/example_dags/example_dynamic_task_mapping.py took 1.229 seconds
