[2025-06-05T23:26:06.581-0300] {processor.py:157} INFO - Started process (PID=36674) to work on /home/alex/mlopszoomcamp/lib/python3.10/site-packages/airflow/example_dags/example_task_group.py
[2025-06-05T23:26:06.582-0300] {processor.py:826} INFO - Processing file /home/alex/mlopszoomcamp/lib/python3.10/site-packages/airflow/example_dags/example_task_group.py for tasks to queue
[2025-06-05T23:26:06.582-0300] {logging_mixin.py:150} INFO - [2025-06-05T23:26:06.582-0300] {dagbag.py:541} INFO - Filling up the DagBag from /home/alex/mlopszoomcamp/lib/python3.10/site-packages/airflow/example_dags/example_task_group.py
[2025-06-05T23:26:06.588-0300] {processor.py:836} INFO - DAG(s) dict_keys(['example_task_group']) retrieved from /home/alex/mlopszoomcamp/lib/python3.10/site-packages/airflow/example_dags/example_task_group.py
[2025-06-05T23:26:06.832-0300] {logging_mixin.py:150} INFO - [2025-06-05T23:26:06.832-0300] {manager.py:504} INFO - Created Permission View: can edit on DAG:example_task_group
[2025-06-05T23:26:06.922-0300] {logging_mixin.py:150} INFO - [2025-06-05T23:26:06.922-0300] {manager.py:504} INFO - Created Permission View: can read on DAG:example_task_group
[2025-06-05T23:26:07.007-0300] {logging_mixin.py:150} INFO - [2025-06-05T23:26:07.006-0300] {manager.py:504} INFO - Created Permission View: can delete on DAG:example_task_group
[2025-06-05T23:26:07.031-0300] {logging_mixin.py:150} INFO - [2025-06-05T23:26:07.030-0300] {dag.py:2742} INFO - Sync 1 DAGs
[2025-06-05T23:26:07.037-0300] {logging_mixin.py:150} INFO - [2025-06-05T23:26:07.037-0300] {dag.py:2763} INFO - Creating ORM DAG for example_task_group
[2025-06-05T23:26:07.041-0300] {logging_mixin.py:150} INFO - [2025-06-05T23:26:07.041-0300] {dag.py:3504} INFO - Setting next_dagrun for example_task_group to 2025-06-05T02:26:07.041450+00:00, run_after=2025-06-06T02:26:07.041450+00:00
[2025-06-05T23:26:07.193-0300] {processor.py:179} INFO - Processing /home/alex/mlopszoomcamp/lib/python3.10/site-packages/airflow/example_dags/example_task_group.py took 0.614 seconds
[2025-06-05T23:27:12.700-0300] {processor.py:157} INFO - Started process (PID=36785) to work on /home/alex/mlopszoomcamp/lib/python3.10/site-packages/airflow/example_dags/example_task_group.py
[2025-06-05T23:27:12.703-0300] {processor.py:826} INFO - Processing file /home/alex/mlopszoomcamp/lib/python3.10/site-packages/airflow/example_dags/example_task_group.py for tasks to queue
[2025-06-05T23:27:12.704-0300] {logging_mixin.py:150} INFO - [2025-06-05T23:27:12.703-0300] {dagbag.py:541} INFO - Filling up the DagBag from /home/alex/mlopszoomcamp/lib/python3.10/site-packages/airflow/example_dags/example_task_group.py
[2025-06-05T23:27:12.708-0300] {processor.py:836} INFO - DAG(s) dict_keys(['example_task_group']) retrieved from /home/alex/mlopszoomcamp/lib/python3.10/site-packages/airflow/example_dags/example_task_group.py
[2025-06-05T23:27:12.718-0300] {logging_mixin.py:150} INFO - [2025-06-05T23:27:12.718-0300] {dag.py:2742} INFO - Sync 1 DAGs
[2025-06-05T23:27:12.728-0300] {logging_mixin.py:150} INFO - [2025-06-05T23:27:12.728-0300] {dag.py:3504} INFO - Setting next_dagrun for example_task_group to 2025-06-05T02:27:12.728548+00:00, run_after=2025-06-06T02:27:12.728548+00:00
[2025-06-05T23:27:12.827-0300] {processor.py:179} INFO - Processing /home/alex/mlopszoomcamp/lib/python3.10/site-packages/airflow/example_dags/example_task_group.py took 0.129 seconds
[2025-06-05T23:28:13.443-0300] {processor.py:157} INFO - Started process (PID=37179) to work on /home/alex/mlopszoomcamp/lib/python3.10/site-packages/airflow/example_dags/example_task_group.py
[2025-06-05T23:28:13.458-0300] {processor.py:826} INFO - Processing file /home/alex/mlopszoomcamp/lib/python3.10/site-packages/airflow/example_dags/example_task_group.py for tasks to queue
[2025-06-05T23:28:13.459-0300] {logging_mixin.py:150} INFO - [2025-06-05T23:28:13.459-0300] {dagbag.py:541} INFO - Filling up the DagBag from /home/alex/mlopszoomcamp/lib/python3.10/site-packages/airflow/example_dags/example_task_group.py
[2025-06-05T23:28:13.474-0300] {processor.py:836} INFO - DAG(s) dict_keys(['example_task_group']) retrieved from /home/alex/mlopszoomcamp/lib/python3.10/site-packages/airflow/example_dags/example_task_group.py
[2025-06-05T23:28:13.493-0300] {logging_mixin.py:150} INFO - [2025-06-05T23:28:13.493-0300] {dag.py:2742} INFO - Sync 1 DAGs
[2025-06-05T23:28:13.507-0300] {logging_mixin.py:150} INFO - [2025-06-05T23:28:13.507-0300] {dag.py:3504} INFO - Setting next_dagrun for example_task_group to 2025-06-05T02:28:13.507623+00:00, run_after=2025-06-06T02:28:13.507623+00:00
[2025-06-05T23:28:13.587-0300] {processor.py:179} INFO - Processing /home/alex/mlopszoomcamp/lib/python3.10/site-packages/airflow/example_dags/example_task_group.py took 0.149 seconds
