[2025-06-05T23:26:18.876-0300] {processor.py:157} INFO - Started process (PID=36696) to work on /home/alex/mlopszoomcamp/lib/python3.10/site-packages/airflow/example_dags/example_branch_python_dop_operator_3.py
[2025-06-05T23:26:18.877-0300] {processor.py:826} INFO - Processing file /home/alex/mlopszoomcamp/lib/python3.10/site-packages/airflow/example_dags/example_branch_python_dop_operator_3.py for tasks to queue
[2025-06-05T23:26:18.878-0300] {logging_mixin.py:150} INFO - [2025-06-05T23:26:18.877-0300] {dagbag.py:541} INFO - Filling up the DagBag from /home/alex/mlopszoomcamp/lib/python3.10/site-packages/airflow/example_dags/example_branch_python_dop_operator_3.py
[2025-06-05T23:26:18.884-0300] {processor.py:836} INFO - DAG(s) dict_keys(['example_branch_dop_operator_v3']) retrieved from /home/alex/mlopszoomcamp/lib/python3.10/site-packages/airflow/example_dags/example_branch_python_dop_operator_3.py
[2025-06-05T23:26:19.141-0300] {logging_mixin.py:150} INFO - [2025-06-05T23:26:19.140-0300] {manager.py:504} INFO - Created Permission View: can edit on DAG:example_branch_dop_operator_v3
[2025-06-05T23:26:19.249-0300] {logging_mixin.py:150} INFO - [2025-06-05T23:26:19.248-0300] {manager.py:504} INFO - Created Permission View: can read on DAG:example_branch_dop_operator_v3
[2025-06-05T23:26:19.366-0300] {logging_mixin.py:150} INFO - [2025-06-05T23:26:19.365-0300] {manager.py:504} INFO - Created Permission View: can delete on DAG:example_branch_dop_operator_v3
[2025-06-05T23:26:19.374-0300] {logging_mixin.py:150} INFO - [2025-06-05T23:26:19.374-0300] {dag.py:2742} INFO - Sync 1 DAGs
[2025-06-05T23:26:19.379-0300] {logging_mixin.py:150} INFO - [2025-06-05T23:26:19.379-0300] {dag.py:2763} INFO - Creating ORM DAG for example_branch_dop_operator_v3
[2025-06-05T23:26:19.385-0300] {logging_mixin.py:150} INFO - [2025-06-05T23:26:19.385-0300] {dag.py:3504} INFO - Setting next_dagrun for example_branch_dop_operator_v3 to 2025-06-06T02:25:00+00:00, run_after=2025-06-06T02:26:00+00:00
[2025-06-05T23:26:19.512-0300] {processor.py:179} INFO - Processing /home/alex/mlopszoomcamp/lib/python3.10/site-packages/airflow/example_dags/example_branch_python_dop_operator_3.py took 0.639 seconds
[2025-06-05T23:27:26.450-0300] {processor.py:157} INFO - Started process (PID=36915) to work on /home/alex/mlopszoomcamp/lib/python3.10/site-packages/airflow/example_dags/example_branch_python_dop_operator_3.py
[2025-06-05T23:27:26.451-0300] {processor.py:826} INFO - Processing file /home/alex/mlopszoomcamp/lib/python3.10/site-packages/airflow/example_dags/example_branch_python_dop_operator_3.py for tasks to queue
[2025-06-05T23:27:26.451-0300] {logging_mixin.py:150} INFO - [2025-06-05T23:27:26.451-0300] {dagbag.py:541} INFO - Filling up the DagBag from /home/alex/mlopszoomcamp/lib/python3.10/site-packages/airflow/example_dags/example_branch_python_dop_operator_3.py
[2025-06-05T23:27:26.456-0300] {processor.py:836} INFO - DAG(s) dict_keys(['example_branch_dop_operator_v3']) retrieved from /home/alex/mlopszoomcamp/lib/python3.10/site-packages/airflow/example_dags/example_branch_python_dop_operator_3.py
[2025-06-05T23:27:26.466-0300] {logging_mixin.py:150} INFO - [2025-06-05T23:27:26.466-0300] {dag.py:2742} INFO - Sync 1 DAGs
[2025-06-05T23:27:26.479-0300] {logging_mixin.py:150} INFO - [2025-06-05T23:27:26.479-0300] {dag.py:3504} INFO - Setting next_dagrun for example_branch_dop_operator_v3 to 2025-06-06T02:26:00+00:00, run_after=2025-06-06T02:27:00+00:00
[2025-06-05T23:27:26.575-0300] {processor.py:179} INFO - Processing /home/alex/mlopszoomcamp/lib/python3.10/site-packages/airflow/example_dags/example_branch_python_dop_operator_3.py took 0.127 seconds
[2025-06-05T23:28:31.817-0300] {processor.py:157} INFO - Started process (PID=37264) to work on /home/alex/mlopszoomcamp/lib/python3.10/site-packages/airflow/example_dags/example_branch_python_dop_operator_3.py
[2025-06-05T23:28:31.837-0300] {processor.py:826} INFO - Processing file /home/alex/mlopszoomcamp/lib/python3.10/site-packages/airflow/example_dags/example_branch_python_dop_operator_3.py for tasks to queue
[2025-06-05T23:28:31.840-0300] {logging_mixin.py:150} INFO - [2025-06-05T23:28:31.839-0300] {dagbag.py:541} INFO - Filling up the DagBag from /home/alex/mlopszoomcamp/lib/python3.10/site-packages/airflow/example_dags/example_branch_python_dop_operator_3.py
[2025-06-05T23:28:31.851-0300] {processor.py:836} INFO - DAG(s) dict_keys(['example_branch_dop_operator_v3']) retrieved from /home/alex/mlopszoomcamp/lib/python3.10/site-packages/airflow/example_dags/example_branch_python_dop_operator_3.py
[2025-06-05T23:28:31.860-0300] {logging_mixin.py:150} INFO - [2025-06-05T23:28:31.860-0300] {dag.py:2742} INFO - Sync 1 DAGs
[2025-06-05T23:28:31.874-0300] {logging_mixin.py:150} INFO - [2025-06-05T23:28:31.873-0300] {dag.py:3504} INFO - Setting next_dagrun for example_branch_dop_operator_v3 to 2025-06-06T02:27:00+00:00, run_after=2025-06-06T02:28:00+00:00
[2025-06-05T23:28:31.982-0300] {processor.py:179} INFO - Processing /home/alex/mlopszoomcamp/lib/python3.10/site-packages/airflow/example_dags/example_branch_python_dop_operator_3.py took 0.168 seconds
