[2025-06-05T23:26:11.253-0300] {processor.py:157} INFO - Started process (PID=36683) to work on /home/alex/mlopszoomcamp/lib/python3.10/site-packages/airflow/example_dags/example_short_circuit_operator.py
[2025-06-05T23:26:11.255-0300] {processor.py:826} INFO - Processing file /home/alex/mlopszoomcamp/lib/python3.10/site-packages/airflow/example_dags/example_short_circuit_operator.py for tasks to queue
[2025-06-05T23:26:11.257-0300] {logging_mixin.py:150} INFO - [2025-06-05T23:26:11.256-0300] {dagbag.py:541} INFO - Filling up the DagBag from /home/alex/mlopszoomcamp/lib/python3.10/site-packages/airflow/example_dags/example_short_circuit_operator.py
[2025-06-05T23:26:11.264-0300] {processor.py:836} INFO - DAG(s) dict_keys(['example_short_circuit_operator']) retrieved from /home/alex/mlopszoomcamp/lib/python3.10/site-packages/airflow/example_dags/example_short_circuit_operator.py
[2025-06-05T23:26:11.508-0300] {logging_mixin.py:150} INFO - [2025-06-05T23:26:11.508-0300] {manager.py:504} INFO - Created Permission View: can edit on DAG:example_short_circuit_operator
[2025-06-05T23:26:11.614-0300] {logging_mixin.py:150} INFO - [2025-06-05T23:26:11.614-0300] {manager.py:504} INFO - Created Permission View: can read on DAG:example_short_circuit_operator
[2025-06-05T23:26:11.689-0300] {logging_mixin.py:150} INFO - [2025-06-05T23:26:11.688-0300] {manager.py:504} INFO - Created Permission View: can delete on DAG:example_short_circuit_operator
[2025-06-05T23:26:11.695-0300] {logging_mixin.py:150} INFO - [2025-06-05T23:26:11.695-0300] {dag.py:2742} INFO - Sync 1 DAGs
[2025-06-05T23:26:11.701-0300] {logging_mixin.py:150} INFO - [2025-06-05T23:26:11.700-0300] {dag.py:2763} INFO - Creating ORM DAG for example_short_circuit_operator
[2025-06-05T23:26:11.707-0300] {logging_mixin.py:150} INFO - [2025-06-05T23:26:11.707-0300] {dag.py:3504} INFO - Setting next_dagrun for example_short_circuit_operator to 2025-06-05T02:26:11.706847+00:00, run_after=2025-06-06T02:26:11.706847+00:00
[2025-06-05T23:26:11.841-0300] {processor.py:179} INFO - Processing /home/alex/mlopszoomcamp/lib/python3.10/site-packages/airflow/example_dags/example_short_circuit_operator.py took 0.593 seconds
[2025-06-05T23:27:16.112-0300] {processor.py:157} INFO - Started process (PID=36788) to work on /home/alex/mlopszoomcamp/lib/python3.10/site-packages/airflow/example_dags/example_short_circuit_operator.py
[2025-06-05T23:27:16.114-0300] {processor.py:826} INFO - Processing file /home/alex/mlopszoomcamp/lib/python3.10/site-packages/airflow/example_dags/example_short_circuit_operator.py for tasks to queue
[2025-06-05T23:27:16.115-0300] {logging_mixin.py:150} INFO - [2025-06-05T23:27:16.114-0300] {dagbag.py:541} INFO - Filling up the DagBag from /home/alex/mlopszoomcamp/lib/python3.10/site-packages/airflow/example_dags/example_short_circuit_operator.py
[2025-06-05T23:27:16.123-0300] {processor.py:836} INFO - DAG(s) dict_keys(['example_short_circuit_operator']) retrieved from /home/alex/mlopszoomcamp/lib/python3.10/site-packages/airflow/example_dags/example_short_circuit_operator.py
[2025-06-05T23:27:16.131-0300] {logging_mixin.py:150} INFO - [2025-06-05T23:27:16.131-0300] {dag.py:2742} INFO - Sync 1 DAGs
[2025-06-05T23:27:16.140-0300] {logging_mixin.py:150} INFO - [2025-06-05T23:27:16.140-0300] {dag.py:3504} INFO - Setting next_dagrun for example_short_circuit_operator to 2025-06-05T02:27:16.140709+00:00, run_after=2025-06-06T02:27:16.140709+00:00
[2025-06-05T23:27:16.245-0300] {processor.py:179} INFO - Processing /home/alex/mlopszoomcamp/lib/python3.10/site-packages/airflow/example_dags/example_short_circuit_operator.py took 0.138 seconds
[2025-06-05T23:28:21.729-0300] {processor.py:157} INFO - Started process (PID=37200) to work on /home/alex/mlopszoomcamp/lib/python3.10/site-packages/airflow/example_dags/example_short_circuit_operator.py
[2025-06-05T23:28:21.737-0300] {processor.py:826} INFO - Processing file /home/alex/mlopszoomcamp/lib/python3.10/site-packages/airflow/example_dags/example_short_circuit_operator.py for tasks to queue
[2025-06-05T23:28:21.739-0300] {logging_mixin.py:150} INFO - [2025-06-05T23:28:21.738-0300] {dagbag.py:541} INFO - Filling up the DagBag from /home/alex/mlopszoomcamp/lib/python3.10/site-packages/airflow/example_dags/example_short_circuit_operator.py
[2025-06-05T23:28:21.753-0300] {processor.py:836} INFO - DAG(s) dict_keys(['example_short_circuit_operator']) retrieved from /home/alex/mlopszoomcamp/lib/python3.10/site-packages/airflow/example_dags/example_short_circuit_operator.py
[2025-06-05T23:28:21.778-0300] {logging_mixin.py:150} INFO - [2025-06-05T23:28:21.778-0300] {dag.py:2742} INFO - Sync 1 DAGs
[2025-06-05T23:28:21.790-0300] {logging_mixin.py:150} INFO - [2025-06-05T23:28:21.790-0300] {dag.py:3504} INFO - Setting next_dagrun for example_short_circuit_operator to 2025-06-05T02:28:21.790099+00:00, run_after=2025-06-06T02:28:21.790099+00:00
[2025-06-05T23:28:21.892-0300] {processor.py:179} INFO - Processing /home/alex/mlopszoomcamp/lib/python3.10/site-packages/airflow/example_dags/example_short_circuit_operator.py took 0.167 seconds
