[2025-06-05T23:26:22.738-0300] {processor.py:157} INFO - Started process (PID=36701) to work on /home/alex/mlopszoomcamp/lib/python3.10/site-packages/airflow/example_dags/example_local_kubernetes_executor.py
[2025-06-05T23:26:22.739-0300] {processor.py:826} INFO - Processing file /home/alex/mlopszoomcamp/lib/python3.10/site-packages/airflow/example_dags/example_local_kubernetes_executor.py for tasks to queue
[2025-06-05T23:26:22.740-0300] {logging_mixin.py:150} INFO - [2025-06-05T23:26:22.740-0300] {dagbag.py:541} INFO - Filling up the DagBag from /home/alex/mlopszoomcamp/lib/python3.10/site-packages/airflow/example_dags/example_local_kubernetes_executor.py
[2025-06-05T23:26:22.744-0300] {logging_mixin.py:150} INFO - [2025-06-05T23:26:22.744-0300] {example_local_kubernetes_executor.py:39} WARNING - Could not import DAGs in example_local_kubernetes_executor.py
Traceback (most recent call last):
  File "/home/alex/mlopszoomcamp/lib/python3.10/site-packages/airflow/example_dags/example_local_kubernetes_executor.py", line 37, in <module>
    from kubernetes.client import models as k8s
ModuleNotFoundError: No module named 'kubernetes'
[2025-06-05T23:26:22.745-0300] {logging_mixin.py:150} INFO - [2025-06-05T23:26:22.745-0300] {example_local_kubernetes_executor.py:40} WARNING - Install Kubernetes dependencies with: pip install apache-airflow[cncf.kubernetes]
[2025-06-05T23:26:22.745-0300] {processor.py:838} WARNING - No viable dags retrieved from /home/alex/mlopszoomcamp/lib/python3.10/site-packages/airflow/example_dags/example_local_kubernetes_executor.py
[2025-06-05T23:26:22.754-0300] {processor.py:179} INFO - Processing /home/alex/mlopszoomcamp/lib/python3.10/site-packages/airflow/example_dags/example_local_kubernetes_executor.py took 0.018 seconds
[2025-06-05T23:27:27.961-0300] {processor.py:157} INFO - Started process (PID=36922) to work on /home/alex/mlopszoomcamp/lib/python3.10/site-packages/airflow/example_dags/example_local_kubernetes_executor.py
[2025-06-05T23:27:27.962-0300] {processor.py:826} INFO - Processing file /home/alex/mlopszoomcamp/lib/python3.10/site-packages/airflow/example_dags/example_local_kubernetes_executor.py for tasks to queue
[2025-06-05T23:27:27.963-0300] {logging_mixin.py:150} INFO - [2025-06-05T23:27:27.963-0300] {dagbag.py:541} INFO - Filling up the DagBag from /home/alex/mlopszoomcamp/lib/python3.10/site-packages/airflow/example_dags/example_local_kubernetes_executor.py
[2025-06-05T23:27:27.966-0300] {logging_mixin.py:150} INFO - [2025-06-05T23:27:27.966-0300] {example_local_kubernetes_executor.py:39} WARNING - Could not import DAGs in example_local_kubernetes_executor.py
Traceback (most recent call last):
  File "/home/alex/mlopszoomcamp/lib/python3.10/site-packages/airflow/example_dags/example_local_kubernetes_executor.py", line 37, in <module>
    from kubernetes.client import models as k8s
ModuleNotFoundError: No module named 'kubernetes'
[2025-06-05T23:27:27.966-0300] {logging_mixin.py:150} INFO - [2025-06-05T23:27:27.966-0300] {example_local_kubernetes_executor.py:40} WARNING - Install Kubernetes dependencies with: pip install apache-airflow[cncf.kubernetes]
[2025-06-05T23:27:27.967-0300] {processor.py:838} WARNING - No viable dags retrieved from /home/alex/mlopszoomcamp/lib/python3.10/site-packages/airflow/example_dags/example_local_kubernetes_executor.py
[2025-06-05T23:27:27.974-0300] {processor.py:179} INFO - Processing /home/alex/mlopszoomcamp/lib/python3.10/site-packages/airflow/example_dags/example_local_kubernetes_executor.py took 0.016 seconds
[2025-06-05T23:28:34.322-0300] {processor.py:157} INFO - Started process (PID=37266) to work on /home/alex/mlopszoomcamp/lib/python3.10/site-packages/airflow/example_dags/example_local_kubernetes_executor.py
[2025-06-05T23:28:34.324-0300] {processor.py:826} INFO - Processing file /home/alex/mlopszoomcamp/lib/python3.10/site-packages/airflow/example_dags/example_local_kubernetes_executor.py for tasks to queue
[2025-06-05T23:28:34.325-0300] {logging_mixin.py:150} INFO - [2025-06-05T23:28:34.325-0300] {dagbag.py:541} INFO - Filling up the DagBag from /home/alex/mlopszoomcamp/lib/python3.10/site-packages/airflow/example_dags/example_local_kubernetes_executor.py
[2025-06-05T23:28:34.331-0300] {logging_mixin.py:150} INFO - [2025-06-05T23:28:34.329-0300] {example_local_kubernetes_executor.py:39} WARNING - Could not import DAGs in example_local_kubernetes_executor.py
Traceback (most recent call last):
  File "/home/alex/mlopszoomcamp/lib/python3.10/site-packages/airflow/example_dags/example_local_kubernetes_executor.py", line 37, in <module>
    from kubernetes.client import models as k8s
ModuleNotFoundError: No module named 'kubernetes'
[2025-06-05T23:28:34.331-0300] {logging_mixin.py:150} INFO - [2025-06-05T23:28:34.331-0300] {example_local_kubernetes_executor.py:40} WARNING - Install Kubernetes dependencies with: pip install apache-airflow[cncf.kubernetes]
[2025-06-05T23:28:34.332-0300] {processor.py:838} WARNING - No viable dags retrieved from /home/alex/mlopszoomcamp/lib/python3.10/site-packages/airflow/example_dags/example_local_kubernetes_executor.py
[2025-06-05T23:28:34.352-0300] {processor.py:179} INFO - Processing /home/alex/mlopszoomcamp/lib/python3.10/site-packages/airflow/example_dags/example_local_kubernetes_executor.py took 0.035 seconds
