[2025-06-05T23:26:00.933-0300] {processor.py:157} INFO - Started process (PID=36662) to work on /home/alex/mlopszoomcamp/lib/python3.10/site-packages/airflow/example_dags/example_sla_dag.py
[2025-06-05T23:26:00.934-0300] {processor.py:826} INFO - Processing file /home/alex/mlopszoomcamp/lib/python3.10/site-packages/airflow/example_dags/example_sla_dag.py for tasks to queue
[2025-06-05T23:26:00.935-0300] {logging_mixin.py:150} INFO - [2025-06-05T23:26:00.934-0300] {dagbag.py:541} INFO - Filling up the DagBag from /home/alex/mlopszoomcamp/lib/python3.10/site-packages/airflow/example_dags/example_sla_dag.py
[2025-06-05T23:26:00.944-0300] {processor.py:836} INFO - DAG(s) dict_keys(['example_sla_dag']) retrieved from /home/alex/mlopszoomcamp/lib/python3.10/site-packages/airflow/example_dags/example_sla_dag.py
[2025-06-05T23:26:01.265-0300] {logging_mixin.py:150} INFO - [2025-06-05T23:26:01.265-0300] {manager.py:504} INFO - Created Permission View: can edit on DAG:example_sla_dag
[2025-06-05T23:26:01.359-0300] {logging_mixin.py:150} INFO - [2025-06-05T23:26:01.358-0300] {manager.py:504} INFO - Created Permission View: can read on DAG:example_sla_dag
[2025-06-05T23:26:01.458-0300] {logging_mixin.py:150} INFO - [2025-06-05T23:26:01.458-0300] {manager.py:504} INFO - Created Permission View: can delete on DAG:example_sla_dag
[2025-06-05T23:26:01.469-0300] {logging_mixin.py:150} INFO - [2025-06-05T23:26:01.469-0300] {dag.py:2742} INFO - Sync 1 DAGs
[2025-06-05T23:26:01.474-0300] {logging_mixin.py:150} INFO - [2025-06-05T23:26:01.474-0300] {dag.py:2763} INFO - Creating ORM DAG for example_sla_dag
[2025-06-05T23:26:01.480-0300] {logging_mixin.py:150} INFO - [2025-06-05T23:26:01.480-0300] {dag.py:3504} INFO - Setting next_dagrun for example_sla_dag to 2025-06-06T02:24:00+00:00, run_after=2025-06-06T02:26:00+00:00
[2025-06-05T23:26:01.612-0300] {processor.py:179} INFO - Processing /home/alex/mlopszoomcamp/lib/python3.10/site-packages/airflow/example_dags/example_sla_dag.py took 0.682 seconds
[2025-06-05T23:27:08.242-0300] {processor.py:157} INFO - Started process (PID=36778) to work on /home/alex/mlopszoomcamp/lib/python3.10/site-packages/airflow/example_dags/example_sla_dag.py
[2025-06-05T23:27:08.270-0300] {processor.py:826} INFO - Processing file /home/alex/mlopszoomcamp/lib/python3.10/site-packages/airflow/example_dags/example_sla_dag.py for tasks to queue
[2025-06-05T23:27:08.271-0300] {logging_mixin.py:150} INFO - [2025-06-05T23:27:08.271-0300] {dagbag.py:541} INFO - Filling up the DagBag from /home/alex/mlopszoomcamp/lib/python3.10/site-packages/airflow/example_dags/example_sla_dag.py
[2025-06-05T23:27:08.277-0300] {processor.py:836} INFO - DAG(s) dict_keys(['example_sla_dag']) retrieved from /home/alex/mlopszoomcamp/lib/python3.10/site-packages/airflow/example_dags/example_sla_dag.py
[2025-06-05T23:27:08.285-0300] {logging_mixin.py:150} INFO - [2025-06-05T23:27:08.285-0300] {dag.py:2742} INFO - Sync 1 DAGs
[2025-06-05T23:27:08.296-0300] {logging_mixin.py:150} INFO - [2025-06-05T23:27:08.296-0300] {dag.py:3504} INFO - Setting next_dagrun for example_sla_dag to 2025-06-06T02:24:00+00:00, run_after=2025-06-06T02:26:00+00:00
[2025-06-05T23:27:08.390-0300] {processor.py:179} INFO - Processing /home/alex/mlopszoomcamp/lib/python3.10/site-packages/airflow/example_dags/example_sla_dag.py took 0.155 seconds
[2025-06-05T23:28:09.209-0300] {processor.py:157} INFO - Started process (PID=37172) to work on /home/alex/mlopszoomcamp/lib/python3.10/site-packages/airflow/example_dags/example_sla_dag.py
[2025-06-05T23:28:09.211-0300] {processor.py:826} INFO - Processing file /home/alex/mlopszoomcamp/lib/python3.10/site-packages/airflow/example_dags/example_sla_dag.py for tasks to queue
[2025-06-05T23:28:09.212-0300] {logging_mixin.py:150} INFO - [2025-06-05T23:28:09.212-0300] {dagbag.py:541} INFO - Filling up the DagBag from /home/alex/mlopszoomcamp/lib/python3.10/site-packages/airflow/example_dags/example_sla_dag.py
[2025-06-05T23:28:09.223-0300] {processor.py:836} INFO - DAG(s) dict_keys(['example_sla_dag']) retrieved from /home/alex/mlopszoomcamp/lib/python3.10/site-packages/airflow/example_dags/example_sla_dag.py
[2025-06-05T23:28:09.233-0300] {logging_mixin.py:150} INFO - [2025-06-05T23:28:09.232-0300] {dag.py:2742} INFO - Sync 1 DAGs
[2025-06-05T23:28:09.244-0300] {logging_mixin.py:150} INFO - [2025-06-05T23:28:09.244-0300] {dag.py:3504} INFO - Setting next_dagrun for example_sla_dag to 2025-06-06T02:26:00+00:00, run_after=2025-06-06T02:28:00+00:00
[2025-06-05T23:28:09.352-0300] {processor.py:179} INFO - Processing /home/alex/mlopszoomcamp/lib/python3.10/site-packages/airflow/example_dags/example_sla_dag.py took 0.148 seconds
