[2025-06-05T23:25:46.202-0300] {processor.py:157} INFO - Started process (PID=36551) to work on /home/alex/mlopszoomcamp/lib/python3.10/site-packages/airflow/example_dags/example_python_operator.py
[2025-06-05T23:25:46.203-0300] {processor.py:826} INFO - Processing file /home/alex/mlopszoomcamp/lib/python3.10/site-packages/airflow/example_dags/example_python_operator.py for tasks to queue
[2025-06-05T23:25:46.205-0300] {logging_mixin.py:150} INFO - [2025-06-05T23:25:46.204-0300] {dagbag.py:541} INFO - Filling up the DagBag from /home/alex/mlopszoomcamp/lib/python3.10/site-packages/airflow/example_dags/example_python_operator.py
[2025-06-05T23:25:46.215-0300] {processor.py:836} INFO - DAG(s) dict_keys(['example_python_operator']) retrieved from /home/alex/mlopszoomcamp/lib/python3.10/site-packages/airflow/example_dags/example_python_operator.py
[2025-06-05T23:25:46.460-0300] {logging_mixin.py:150} INFO - [2025-06-05T23:25:46.459-0300] {manager.py:504} INFO - Created Permission View: can edit on DAG:example_python_operator
[2025-06-05T23:25:46.584-0300] {logging_mixin.py:150} INFO - [2025-06-05T23:25:46.584-0300] {manager.py:504} INFO - Created Permission View: can read on DAG:example_python_operator
[2025-06-05T23:25:46.685-0300] {logging_mixin.py:150} INFO - [2025-06-05T23:25:46.684-0300] {manager.py:504} INFO - Created Permission View: can delete on DAG:example_python_operator
[2025-06-05T23:25:46.712-0300] {logging_mixin.py:150} INFO - [2025-06-05T23:25:46.712-0300] {dag.py:2742} INFO - Sync 1 DAGs
[2025-06-05T23:25:46.720-0300] {logging_mixin.py:150} INFO - [2025-06-05T23:25:46.720-0300] {dag.py:2763} INFO - Creating ORM DAG for example_python_operator
[2025-06-05T23:25:46.725-0300] {logging_mixin.py:150} INFO - [2025-06-05T23:25:46.725-0300] {dag.py:3504} INFO - Setting next_dagrun for example_python_operator to None, run_after=None
[2025-06-05T23:25:47.077-0300] {processor.py:179} INFO - Processing /home/alex/mlopszoomcamp/lib/python3.10/site-packages/airflow/example_dags/example_python_operator.py took 0.880 seconds
[2025-06-05T23:26:58.900-0300] {processor.py:157} INFO - Started process (PID=36766) to work on /home/alex/mlopszoomcamp/lib/python3.10/site-packages/airflow/example_dags/example_python_operator.py
[2025-06-05T23:26:58.904-0300] {processor.py:826} INFO - Processing file /home/alex/mlopszoomcamp/lib/python3.10/site-packages/airflow/example_dags/example_python_operator.py for tasks to queue
[2025-06-05T23:26:58.905-0300] {logging_mixin.py:150} INFO - [2025-06-05T23:26:58.905-0300] {dagbag.py:541} INFO - Filling up the DagBag from /home/alex/mlopszoomcamp/lib/python3.10/site-packages/airflow/example_dags/example_python_operator.py
[2025-06-05T23:26:58.912-0300] {processor.py:836} INFO - DAG(s) dict_keys(['example_python_operator']) retrieved from /home/alex/mlopszoomcamp/lib/python3.10/site-packages/airflow/example_dags/example_python_operator.py
[2025-06-05T23:26:58.926-0300] {logging_mixin.py:150} INFO - [2025-06-05T23:26:58.925-0300] {dag.py:2742} INFO - Sync 1 DAGs
[2025-06-05T23:26:58.937-0300] {logging_mixin.py:150} INFO - [2025-06-05T23:26:58.937-0300] {dag.py:3504} INFO - Setting next_dagrun for example_python_operator to None, run_after=None
[2025-06-05T23:26:59.037-0300] {processor.py:179} INFO - Processing /home/alex/mlopszoomcamp/lib/python3.10/site-packages/airflow/example_dags/example_python_operator.py took 0.139 seconds
[2025-06-05T23:27:55.906-0300] {processor.py:157} INFO - Started process (PID=37150) to work on /home/alex/mlopszoomcamp/lib/python3.10/site-packages/airflow/example_dags/example_python_operator.py
[2025-06-05T23:27:55.907-0300] {processor.py:826} INFO - Processing file /home/alex/mlopszoomcamp/lib/python3.10/site-packages/airflow/example_dags/example_python_operator.py for tasks to queue
[2025-06-05T23:27:55.908-0300] {logging_mixin.py:150} INFO - [2025-06-05T23:27:55.907-0300] {dagbag.py:541} INFO - Filling up the DagBag from /home/alex/mlopszoomcamp/lib/python3.10/site-packages/airflow/example_dags/example_python_operator.py
[2025-06-05T23:27:55.915-0300] {processor.py:836} INFO - DAG(s) dict_keys(['example_python_operator']) retrieved from /home/alex/mlopszoomcamp/lib/python3.10/site-packages/airflow/example_dags/example_python_operator.py
[2025-06-05T23:27:55.925-0300] {logging_mixin.py:150} INFO - [2025-06-05T23:27:55.925-0300] {dag.py:2742} INFO - Sync 1 DAGs
[2025-06-05T23:27:55.937-0300] {logging_mixin.py:150} INFO - [2025-06-05T23:27:55.936-0300] {dag.py:3504} INFO - Setting next_dagrun for example_python_operator to None, run_after=None
[2025-06-05T23:27:56.037-0300] {processor.py:179} INFO - Processing /home/alex/mlopszoomcamp/lib/python3.10/site-packages/airflow/example_dags/example_python_operator.py took 0.132 seconds
