[2025-06-05T23:26:20.701-0300] {processor.py:157} INFO - Started process (PID=36698) to work on /home/alex/mlopszoomcamp/lib/python3.10/site-packages/airflow/example_dags/example_external_task_marker_dag.py
[2025-06-05T23:26:20.702-0300] {processor.py:826} INFO - Processing file /home/alex/mlopszoomcamp/lib/python3.10/site-packages/airflow/example_dags/example_external_task_marker_dag.py for tasks to queue
[2025-06-05T23:26:20.703-0300] {logging_mixin.py:150} INFO - [2025-06-05T23:26:20.702-0300] {dagbag.py:541} INFO - Filling up the DagBag from /home/alex/mlopszoomcamp/lib/python3.10/site-packages/airflow/example_dags/example_external_task_marker_dag.py
[2025-06-05T23:26:20.709-0300] {processor.py:836} INFO - DAG(s) dict_keys(['example_external_task_marker_parent', 'example_external_task_marker_child']) retrieved from /home/alex/mlopszoomcamp/lib/python3.10/site-packages/airflow/example_dags/example_external_task_marker_dag.py
[2025-06-05T23:26:20.957-0300] {logging_mixin.py:150} INFO - [2025-06-05T23:26:20.957-0300] {manager.py:504} INFO - Created Permission View: can edit on DAG:example_external_task_marker_parent
[2025-06-05T23:26:21.065-0300] {logging_mixin.py:150} INFO - [2025-06-05T23:26:21.065-0300] {manager.py:504} INFO - Created Permission View: can read on DAG:example_external_task_marker_parent
[2025-06-05T23:26:21.182-0300] {logging_mixin.py:150} INFO - [2025-06-05T23:26:21.182-0300] {manager.py:504} INFO - Created Permission View: can delete on DAG:example_external_task_marker_parent
[2025-06-05T23:26:21.424-0300] {logging_mixin.py:150} INFO - [2025-06-05T23:26:21.423-0300] {manager.py:504} INFO - Created Permission View: can edit on DAG:example_external_task_marker_child
[2025-06-05T23:26:21.524-0300] {logging_mixin.py:150} INFO - [2025-06-05T23:26:21.523-0300] {manager.py:504} INFO - Created Permission View: can read on DAG:example_external_task_marker_child
[2025-06-05T23:26:21.640-0300] {logging_mixin.py:150} INFO - [2025-06-05T23:26:21.640-0300] {manager.py:504} INFO - Created Permission View: can delete on DAG:example_external_task_marker_child
[2025-06-05T23:26:21.649-0300] {logging_mixin.py:150} INFO - [2025-06-05T23:26:21.648-0300] {dag.py:2742} INFO - Sync 2 DAGs
[2025-06-05T23:26:21.666-0300] {logging_mixin.py:150} INFO - [2025-06-05T23:26:21.666-0300] {dag.py:2763} INFO - Creating ORM DAG for example_external_task_marker_parent
[2025-06-05T23:26:21.667-0300] {logging_mixin.py:150} INFO - [2025-06-05T23:26:21.667-0300] {dag.py:2763} INFO - Creating ORM DAG for example_external_task_marker_child
[2025-06-05T23:26:21.673-0300] {logging_mixin.py:150} INFO - [2025-06-05T23:26:21.673-0300] {dag.py:3504} INFO - Setting next_dagrun for example_external_task_marker_child to None, run_after=None
[2025-06-05T23:26:21.673-0300] {logging_mixin.py:150} INFO - [2025-06-05T23:26:21.673-0300] {dag.py:3504} INFO - Setting next_dagrun for example_external_task_marker_parent to None, run_after=None
[2025-06-05T23:26:21.816-0300] {processor.py:179} INFO - Processing /home/alex/mlopszoomcamp/lib/python3.10/site-packages/airflow/example_dags/example_external_task_marker_dag.py took 1.117 seconds
[2025-06-05T23:27:27.719-0300] {processor.py:157} INFO - Started process (PID=36920) to work on /home/alex/mlopszoomcamp/lib/python3.10/site-packages/airflow/example_dags/example_external_task_marker_dag.py
[2025-06-05T23:27:27.721-0300] {processor.py:826} INFO - Processing file /home/alex/mlopszoomcamp/lib/python3.10/site-packages/airflow/example_dags/example_external_task_marker_dag.py for tasks to queue
[2025-06-05T23:27:27.722-0300] {logging_mixin.py:150} INFO - [2025-06-05T23:27:27.721-0300] {dagbag.py:541} INFO - Filling up the DagBag from /home/alex/mlopszoomcamp/lib/python3.10/site-packages/airflow/example_dags/example_external_task_marker_dag.py
[2025-06-05T23:27:27.728-0300] {processor.py:836} INFO - DAG(s) dict_keys(['example_external_task_marker_child', 'example_external_task_marker_parent']) retrieved from /home/alex/mlopszoomcamp/lib/python3.10/site-packages/airflow/example_dags/example_external_task_marker_dag.py
[2025-06-05T23:27:27.739-0300] {logging_mixin.py:150} INFO - [2025-06-05T23:27:27.739-0300] {dag.py:2742} INFO - Sync 2 DAGs
[2025-06-05T23:27:27.749-0300] {logging_mixin.py:150} INFO - [2025-06-05T23:27:27.749-0300] {dag.py:3504} INFO - Setting next_dagrun for example_external_task_marker_child to None, run_after=None
[2025-06-05T23:27:27.751-0300] {logging_mixin.py:150} INFO - [2025-06-05T23:27:27.751-0300] {dag.py:3504} INFO - Setting next_dagrun for example_external_task_marker_parent to None, run_after=None
[2025-06-05T23:27:27.862-0300] {processor.py:179} INFO - Processing /home/alex/mlopszoomcamp/lib/python3.10/site-packages/airflow/example_dags/example_external_task_marker_dag.py took 0.149 seconds
[2025-06-05T23:28:33.062-0300] {processor.py:157} INFO - Started process (PID=37265) to work on /home/alex/mlopszoomcamp/lib/python3.10/site-packages/airflow/example_dags/example_external_task_marker_dag.py
[2025-06-05T23:28:33.078-0300] {processor.py:826} INFO - Processing file /home/alex/mlopszoomcamp/lib/python3.10/site-packages/airflow/example_dags/example_external_task_marker_dag.py for tasks to queue
[2025-06-05T23:28:33.080-0300] {logging_mixin.py:150} INFO - [2025-06-05T23:28:33.079-0300] {dagbag.py:541} INFO - Filling up the DagBag from /home/alex/mlopszoomcamp/lib/python3.10/site-packages/airflow/example_dags/example_external_task_marker_dag.py
[2025-06-05T23:28:33.089-0300] {processor.py:836} INFO - DAG(s) dict_keys(['example_external_task_marker_child', 'example_external_task_marker_parent']) retrieved from /home/alex/mlopszoomcamp/lib/python3.10/site-packages/airflow/example_dags/example_external_task_marker_dag.py
[2025-06-05T23:28:33.102-0300] {logging_mixin.py:150} INFO - [2025-06-05T23:28:33.102-0300] {dag.py:2742} INFO - Sync 2 DAGs
[2025-06-05T23:28:33.112-0300] {logging_mixin.py:150} INFO - [2025-06-05T23:28:33.112-0300] {dag.py:3504} INFO - Setting next_dagrun for example_external_task_marker_child to None, run_after=None
[2025-06-05T23:28:33.113-0300] {logging_mixin.py:150} INFO - [2025-06-05T23:28:33.113-0300] {dag.py:3504} INFO - Setting next_dagrun for example_external_task_marker_parent to None, run_after=None
[2025-06-05T23:28:33.210-0300] {processor.py:179} INFO - Processing /home/alex/mlopszoomcamp/lib/python3.10/site-packages/airflow/example_dags/example_external_task_marker_dag.py took 0.154 seconds
