[2025-06-05T23:25:48.226-0300] {processor.py:157} INFO - Started process (PID=36554) to work on /home/alex/mlopszoomcamp/lib/python3.10/site-packages/airflow/example_dags/example_short_circuit_decorator.py
[2025-06-05T23:25:48.227-0300] {processor.py:826} INFO - Processing file /home/alex/mlopszoomcamp/lib/python3.10/site-packages/airflow/example_dags/example_short_circuit_decorator.py for tasks to queue
[2025-06-05T23:25:48.227-0300] {logging_mixin.py:150} INFO - [2025-06-05T23:25:48.227-0300] {dagbag.py:541} INFO - Filling up the DagBag from /home/alex/mlopszoomcamp/lib/python3.10/site-packages/airflow/example_dags/example_short_circuit_decorator.py
[2025-06-05T23:25:48.233-0300] {processor.py:836} INFO - DAG(s) dict_keys(['example_short_circuit_decorator']) retrieved from /home/alex/mlopszoomcamp/lib/python3.10/site-packages/airflow/example_dags/example_short_circuit_decorator.py
[2025-06-05T23:25:48.449-0300] {logging_mixin.py:150} INFO - [2025-06-05T23:25:48.449-0300] {manager.py:504} INFO - Created Permission View: can edit on DAG:example_short_circuit_decorator
[2025-06-05T23:25:48.532-0300] {logging_mixin.py:150} INFO - [2025-06-05T23:25:48.532-0300] {manager.py:504} INFO - Created Permission View: can read on DAG:example_short_circuit_decorator
[2025-06-05T23:25:48.616-0300] {logging_mixin.py:150} INFO - [2025-06-05T23:25:48.616-0300] {manager.py:504} INFO - Created Permission View: can delete on DAG:example_short_circuit_decorator
[2025-06-05T23:25:48.639-0300] {logging_mixin.py:150} INFO - [2025-06-05T23:25:48.639-0300] {dag.py:2742} INFO - Sync 1 DAGs
[2025-06-05T23:25:48.650-0300] {logging_mixin.py:150} INFO - [2025-06-05T23:25:48.650-0300] {dag.py:2763} INFO - Creating ORM DAG for example_short_circuit_decorator
[2025-06-05T23:25:48.658-0300] {logging_mixin.py:150} INFO - [2025-06-05T23:25:48.658-0300] {dag.py:3504} INFO - Setting next_dagrun for example_short_circuit_decorator to 2025-06-05T02:25:48.658610+00:00, run_after=2025-06-06T02:25:48.658610+00:00
[2025-06-05T23:25:48.772-0300] {processor.py:179} INFO - Processing /home/alex/mlopszoomcamp/lib/python3.10/site-packages/airflow/example_dags/example_short_circuit_decorator.py took 0.548 seconds
[2025-06-05T23:27:00.153-0300] {processor.py:157} INFO - Started process (PID=36767) to work on /home/alex/mlopszoomcamp/lib/python3.10/site-packages/airflow/example_dags/example_short_circuit_decorator.py
[2025-06-05T23:27:00.154-0300] {processor.py:826} INFO - Processing file /home/alex/mlopszoomcamp/lib/python3.10/site-packages/airflow/example_dags/example_short_circuit_decorator.py for tasks to queue
[2025-06-05T23:27:00.156-0300] {logging_mixin.py:150} INFO - [2025-06-05T23:27:00.155-0300] {dagbag.py:541} INFO - Filling up the DagBag from /home/alex/mlopszoomcamp/lib/python3.10/site-packages/airflow/example_dags/example_short_circuit_decorator.py
[2025-06-05T23:27:00.164-0300] {processor.py:836} INFO - DAG(s) dict_keys(['example_short_circuit_decorator']) retrieved from /home/alex/mlopszoomcamp/lib/python3.10/site-packages/airflow/example_dags/example_short_circuit_decorator.py
[2025-06-05T23:27:00.173-0300] {logging_mixin.py:150} INFO - [2025-06-05T23:27:00.173-0300] {dag.py:2742} INFO - Sync 1 DAGs
[2025-06-05T23:27:00.182-0300] {logging_mixin.py:150} INFO - [2025-06-05T23:27:00.182-0300] {dag.py:3504} INFO - Setting next_dagrun for example_short_circuit_decorator to 2025-06-05T02:27:00.182450+00:00, run_after=2025-06-06T02:27:00.182450+00:00
[2025-06-05T23:27:00.273-0300] {processor.py:179} INFO - Processing /home/alex/mlopszoomcamp/lib/python3.10/site-packages/airflow/example_dags/example_short_circuit_decorator.py took 0.125 seconds
[2025-06-05T23:27:57.263-0300] {processor.py:157} INFO - Started process (PID=37152) to work on /home/alex/mlopszoomcamp/lib/python3.10/site-packages/airflow/example_dags/example_short_circuit_decorator.py
[2025-06-05T23:27:57.265-0300] {processor.py:826} INFO - Processing file /home/alex/mlopszoomcamp/lib/python3.10/site-packages/airflow/example_dags/example_short_circuit_decorator.py for tasks to queue
[2025-06-05T23:27:57.267-0300] {logging_mixin.py:150} INFO - [2025-06-05T23:27:57.266-0300] {dagbag.py:541} INFO - Filling up the DagBag from /home/alex/mlopszoomcamp/lib/python3.10/site-packages/airflow/example_dags/example_short_circuit_decorator.py
[2025-06-05T23:27:57.278-0300] {processor.py:836} INFO - DAG(s) dict_keys(['example_short_circuit_decorator']) retrieved from /home/alex/mlopszoomcamp/lib/python3.10/site-packages/airflow/example_dags/example_short_circuit_decorator.py
[2025-06-05T23:27:57.288-0300] {logging_mixin.py:150} INFO - [2025-06-05T23:27:57.287-0300] {dag.py:2742} INFO - Sync 1 DAGs
[2025-06-05T23:27:57.298-0300] {logging_mixin.py:150} INFO - [2025-06-05T23:27:57.298-0300] {dag.py:3504} INFO - Setting next_dagrun for example_short_circuit_decorator to 2025-06-05T02:27:57.298502+00:00, run_after=2025-06-06T02:27:57.298502+00:00
[2025-06-05T23:27:57.413-0300] {processor.py:179} INFO - Processing /home/alex/mlopszoomcamp/lib/python3.10/site-packages/airflow/example_dags/example_short_circuit_decorator.py took 0.155 seconds
