[2025-06-05T23:26:11.977-0300] {processor.py:157} INFO - Started process (PID=36686) to work on /home/alex/mlopszoomcamp/lib/python3.10/site-packages/airflow/example_dags/example_nested_branch_dag.py
[2025-06-05T23:26:11.978-0300] {processor.py:826} INFO - Processing file /home/alex/mlopszoomcamp/lib/python3.10/site-packages/airflow/example_dags/example_nested_branch_dag.py for tasks to queue
[2025-06-05T23:26:11.979-0300] {logging_mixin.py:150} INFO - [2025-06-05T23:26:11.979-0300] {dagbag.py:541} INFO - Filling up the DagBag from /home/alex/mlopszoomcamp/lib/python3.10/site-packages/airflow/example_dags/example_nested_branch_dag.py
[2025-06-05T23:26:11.989-0300] {processor.py:836} INFO - DAG(s) dict_keys(['example_nested_branch_dag']) retrieved from /home/alex/mlopszoomcamp/lib/python3.10/site-packages/airflow/example_dags/example_nested_branch_dag.py
[2025-06-05T23:26:12.231-0300] {logging_mixin.py:150} INFO - [2025-06-05T23:26:12.231-0300] {manager.py:504} INFO - Created Permission View: can edit on DAG:example_nested_branch_dag
[2025-06-05T23:26:12.340-0300] {logging_mixin.py:150} INFO - [2025-06-05T23:26:12.339-0300] {manager.py:504} INFO - Created Permission View: can read on DAG:example_nested_branch_dag
[2025-06-05T23:26:12.422-0300] {logging_mixin.py:150} INFO - [2025-06-05T23:26:12.422-0300] {manager.py:504} INFO - Created Permission View: can delete on DAG:example_nested_branch_dag
[2025-06-05T23:26:12.439-0300] {logging_mixin.py:150} INFO - [2025-06-05T23:26:12.439-0300] {dag.py:2742} INFO - Sync 1 DAGs
[2025-06-05T23:26:12.445-0300] {logging_mixin.py:150} INFO - [2025-06-05T23:26:12.445-0300] {dag.py:2763} INFO - Creating ORM DAG for example_nested_branch_dag
[2025-06-05T23:26:12.450-0300] {logging_mixin.py:150} INFO - [2025-06-05T23:26:12.450-0300] {dag.py:3504} INFO - Setting next_dagrun for example_nested_branch_dag to 2025-06-05T00:00:00+00:00, run_after=2025-06-06T00:00:00+00:00
[2025-06-05T23:26:12.599-0300] {processor.py:179} INFO - Processing /home/alex/mlopszoomcamp/lib/python3.10/site-packages/airflow/example_dags/example_nested_branch_dag.py took 0.625 seconds
[2025-06-05T23:27:17.365-0300] {processor.py:157} INFO - Started process (PID=36790) to work on /home/alex/mlopszoomcamp/lib/python3.10/site-packages/airflow/example_dags/example_nested_branch_dag.py
[2025-06-05T23:27:17.366-0300] {processor.py:826} INFO - Processing file /home/alex/mlopszoomcamp/lib/python3.10/site-packages/airflow/example_dags/example_nested_branch_dag.py for tasks to queue
[2025-06-05T23:27:17.367-0300] {logging_mixin.py:150} INFO - [2025-06-05T23:27:17.366-0300] {dagbag.py:541} INFO - Filling up the DagBag from /home/alex/mlopszoomcamp/lib/python3.10/site-packages/airflow/example_dags/example_nested_branch_dag.py
[2025-06-05T23:27:17.371-0300] {processor.py:836} INFO - DAG(s) dict_keys(['example_nested_branch_dag']) retrieved from /home/alex/mlopszoomcamp/lib/python3.10/site-packages/airflow/example_dags/example_nested_branch_dag.py
[2025-06-05T23:27:17.379-0300] {logging_mixin.py:150} INFO - [2025-06-05T23:27:17.379-0300] {dag.py:2742} INFO - Sync 1 DAGs
[2025-06-05T23:27:17.389-0300] {logging_mixin.py:150} INFO - [2025-06-05T23:27:17.389-0300] {dag.py:3504} INFO - Setting next_dagrun for example_nested_branch_dag to 2025-06-05T00:00:00+00:00, run_after=2025-06-06T00:00:00+00:00
[2025-06-05T23:27:17.491-0300] {processor.py:179} INFO - Processing /home/alex/mlopszoomcamp/lib/python3.10/site-packages/airflow/example_dags/example_nested_branch_dag.py took 0.128 seconds
[2025-06-05T23:28:23.006-0300] {processor.py:157} INFO - Started process (PID=37201) to work on /home/alex/mlopszoomcamp/lib/python3.10/site-packages/airflow/example_dags/example_nested_branch_dag.py
[2025-06-05T23:28:23.007-0300] {processor.py:826} INFO - Processing file /home/alex/mlopszoomcamp/lib/python3.10/site-packages/airflow/example_dags/example_nested_branch_dag.py for tasks to queue
[2025-06-05T23:28:23.008-0300] {logging_mixin.py:150} INFO - [2025-06-05T23:28:23.008-0300] {dagbag.py:541} INFO - Filling up the DagBag from /home/alex/mlopszoomcamp/lib/python3.10/site-packages/airflow/example_dags/example_nested_branch_dag.py
[2025-06-05T23:28:23.014-0300] {processor.py:836} INFO - DAG(s) dict_keys(['example_nested_branch_dag']) retrieved from /home/alex/mlopszoomcamp/lib/python3.10/site-packages/airflow/example_dags/example_nested_branch_dag.py
[2025-06-05T23:28:23.025-0300] {logging_mixin.py:150} INFO - [2025-06-05T23:28:23.025-0300] {dag.py:2742} INFO - Sync 1 DAGs
[2025-06-05T23:28:23.038-0300] {logging_mixin.py:150} INFO - [2025-06-05T23:28:23.037-0300] {dag.py:3504} INFO - Setting next_dagrun for example_nested_branch_dag to 2025-06-05T00:00:00+00:00, run_after=2025-06-06T00:00:00+00:00
[2025-06-05T23:28:23.126-0300] {processor.py:179} INFO - Processing /home/alex/mlopszoomcamp/lib/python3.10/site-packages/airflow/example_dags/example_nested_branch_dag.py took 0.125 seconds
