[2025-06-05T23:26:39.644-0300] {processor.py:157} INFO - Started process (PID=36726) to work on /home/alex/mlopszoomcamp/lib/python3.10/site-packages/airflow/example_dags/example_branch_datetime_operator.py
[2025-06-05T23:26:39.644-0300] {processor.py:826} INFO - Processing file /home/alex/mlopszoomcamp/lib/python3.10/site-packages/airflow/example_dags/example_branch_datetime_operator.py for tasks to queue
[2025-06-05T23:26:39.645-0300] {logging_mixin.py:150} INFO - [2025-06-05T23:26:39.644-0300] {dagbag.py:541} INFO - Filling up the DagBag from /home/alex/mlopszoomcamp/lib/python3.10/site-packages/airflow/example_dags/example_branch_datetime_operator.py
[2025-06-05T23:26:39.649-0300] {processor.py:836} INFO - DAG(s) dict_keys(['example_branch_datetime_operator_2', 'example_branch_datetime_operator', 'example_branch_datetime_operator_3']) retrieved from /home/alex/mlopszoomcamp/lib/python3.10/site-packages/airflow/example_dags/example_branch_datetime_operator.py
[2025-06-05T23:26:39.889-0300] {logging_mixin.py:150} INFO - [2025-06-05T23:26:39.889-0300] {manager.py:504} INFO - Created Permission View: can edit on DAG:example_branch_datetime_operator_2
[2025-06-05T23:26:40.006-0300] {logging_mixin.py:150} INFO - [2025-06-05T23:26:40.005-0300] {manager.py:504} INFO - Created Permission View: can read on DAG:example_branch_datetime_operator_2
[2025-06-05T23:26:40.131-0300] {logging_mixin.py:150} INFO - [2025-06-05T23:26:40.130-0300] {manager.py:504} INFO - Created Permission View: can delete on DAG:example_branch_datetime_operator_2
[2025-06-05T23:26:40.364-0300] {logging_mixin.py:150} INFO - [2025-06-05T23:26:40.364-0300] {manager.py:504} INFO - Created Permission View: can edit on DAG:example_branch_datetime_operator
[2025-06-05T23:26:40.464-0300] {logging_mixin.py:150} INFO - [2025-06-05T23:26:40.463-0300] {manager.py:504} INFO - Created Permission View: can read on DAG:example_branch_datetime_operator
[2025-06-05T23:26:40.564-0300] {logging_mixin.py:150} INFO - [2025-06-05T23:26:40.563-0300] {manager.py:504} INFO - Created Permission View: can delete on DAG:example_branch_datetime_operator
[2025-06-05T23:26:40.781-0300] {logging_mixin.py:150} INFO - [2025-06-05T23:26:40.780-0300] {manager.py:504} INFO - Created Permission View: can edit on DAG:example_branch_datetime_operator_3
[2025-06-05T23:26:40.872-0300] {logging_mixin.py:150} INFO - [2025-06-05T23:26:40.872-0300] {manager.py:504} INFO - Created Permission View: can read on DAG:example_branch_datetime_operator_3
[2025-06-05T23:26:40.964-0300] {logging_mixin.py:150} INFO - [2025-06-05T23:26:40.963-0300] {manager.py:504} INFO - Created Permission View: can delete on DAG:example_branch_datetime_operator_3
[2025-06-05T23:26:40.969-0300] {logging_mixin.py:150} INFO - [2025-06-05T23:26:40.969-0300] {dag.py:2742} INFO - Sync 3 DAGs
[2025-06-05T23:26:40.973-0300] {logging_mixin.py:150} INFO - [2025-06-05T23:26:40.973-0300] {dag.py:2763} INFO - Creating ORM DAG for example_branch_datetime_operator_3
[2025-06-05T23:26:40.974-0300] {logging_mixin.py:150} INFO - [2025-06-05T23:26:40.973-0300] {dag.py:2763} INFO - Creating ORM DAG for example_branch_datetime_operator
[2025-06-05T23:26:40.974-0300] {logging_mixin.py:150} INFO - [2025-06-05T23:26:40.974-0300] {dag.py:2763} INFO - Creating ORM DAG for example_branch_datetime_operator_2
[2025-06-05T23:26:40.979-0300] {logging_mixin.py:150} INFO - [2025-06-05T23:26:40.979-0300] {dag.py:3504} INFO - Setting next_dagrun for example_branch_datetime_operator to 2025-06-05T00:00:00+00:00, run_after=2025-06-06T00:00:00+00:00
[2025-06-05T23:26:40.980-0300] {logging_mixin.py:150} INFO - [2025-06-05T23:26:40.980-0300] {dag.py:3504} INFO - Setting next_dagrun for example_branch_datetime_operator_2 to 2025-06-05T00:00:00+00:00, run_after=2025-06-06T00:00:00+00:00
[2025-06-05T23:26:40.981-0300] {logging_mixin.py:150} INFO - [2025-06-05T23:26:40.981-0300] {dag.py:3504} INFO - Setting next_dagrun for example_branch_datetime_operator_3 to 2025-06-05T00:00:00+00:00, run_after=2025-06-06T00:00:00+00:00
[2025-06-05T23:26:41.111-0300] {processor.py:179} INFO - Processing /home/alex/mlopszoomcamp/lib/python3.10/site-packages/airflow/example_dags/example_branch_datetime_operator.py took 1.470 seconds
[2025-06-05T23:27:40.537-0300] {processor.py:157} INFO - Started process (PID=36936) to work on /home/alex/mlopszoomcamp/lib/python3.10/site-packages/airflow/example_dags/example_branch_datetime_operator.py
[2025-06-05T23:27:40.556-0300] {processor.py:826} INFO - Processing file /home/alex/mlopszoomcamp/lib/python3.10/site-packages/airflow/example_dags/example_branch_datetime_operator.py for tasks to queue
[2025-06-05T23:27:40.558-0300] {logging_mixin.py:150} INFO - [2025-06-05T23:27:40.557-0300] {dagbag.py:541} INFO - Filling up the DagBag from /home/alex/mlopszoomcamp/lib/python3.10/site-packages/airflow/example_dags/example_branch_datetime_operator.py
[2025-06-05T23:27:40.575-0300] {processor.py:836} INFO - DAG(s) dict_keys(['example_branch_datetime_operator_3', 'example_branch_datetime_operator_2', 'example_branch_datetime_operator']) retrieved from /home/alex/mlopszoomcamp/lib/python3.10/site-packages/airflow/example_dags/example_branch_datetime_operator.py
[2025-06-05T23:27:40.588-0300] {logging_mixin.py:150} INFO - [2025-06-05T23:27:40.588-0300] {dag.py:2742} INFO - Sync 3 DAGs
[2025-06-05T23:27:40.598-0300] {logging_mixin.py:150} INFO - [2025-06-05T23:27:40.598-0300] {dag.py:3504} INFO - Setting next_dagrun for example_branch_datetime_operator to 2025-06-05T00:00:00+00:00, run_after=2025-06-06T00:00:00+00:00
[2025-06-05T23:27:40.602-0300] {logging_mixin.py:150} INFO - [2025-06-05T23:27:40.602-0300] {dag.py:3504} INFO - Setting next_dagrun for example_branch_datetime_operator_2 to 2025-06-05T00:00:00+00:00, run_after=2025-06-06T00:00:00+00:00
[2025-06-05T23:27:40.603-0300] {logging_mixin.py:150} INFO - [2025-06-05T23:27:40.603-0300] {dag.py:3504} INFO - Setting next_dagrun for example_branch_datetime_operator_3 to 2025-06-05T00:00:00+00:00, run_after=2025-06-06T00:00:00+00:00
[2025-06-05T23:27:40.717-0300] {processor.py:179} INFO - Processing /home/alex/mlopszoomcamp/lib/python3.10/site-packages/airflow/example_dags/example_branch_datetime_operator.py took 0.186 seconds
