[2025-06-05T23:25:57.243-0300] {processor.py:157} INFO - Started process (PID=36653) to work on /home/alex/mlopszoomcamp/lib/python3.10/site-packages/airflow/example_dags/example_task_group_decorator.py
[2025-06-05T23:25:57.244-0300] {processor.py:826} INFO - Processing file /home/alex/mlopszoomcamp/lib/python3.10/site-packages/airflow/example_dags/example_task_group_decorator.py for tasks to queue
[2025-06-05T23:25:57.245-0300] {logging_mixin.py:150} INFO - [2025-06-05T23:25:57.244-0300] {dagbag.py:541} INFO - Filling up the DagBag from /home/alex/mlopszoomcamp/lib/python3.10/site-packages/airflow/example_dags/example_task_group_decorator.py
[2025-06-05T23:25:57.258-0300] {processor.py:836} INFO - DAG(s) dict_keys(['example_task_group_decorator']) retrieved from /home/alex/mlopszoomcamp/lib/python3.10/site-packages/airflow/example_dags/example_task_group_decorator.py
[2025-06-05T23:25:57.474-0300] {logging_mixin.py:150} INFO - [2025-06-05T23:25:57.474-0300] {manager.py:504} INFO - Created Permission View: can edit on DAG:example_task_group_decorator
[2025-06-05T23:25:57.574-0300] {logging_mixin.py:150} INFO - [2025-06-05T23:25:57.573-0300] {manager.py:504} INFO - Created Permission View: can read on DAG:example_task_group_decorator
[2025-06-05T23:25:57.649-0300] {logging_mixin.py:150} INFO - [2025-06-05T23:25:57.648-0300] {manager.py:504} INFO - Created Permission View: can delete on DAG:example_task_group_decorator
[2025-06-05T23:25:57.670-0300] {logging_mixin.py:150} INFO - [2025-06-05T23:25:57.670-0300] {dag.py:2742} INFO - Sync 1 DAGs
[2025-06-05T23:25:57.688-0300] {logging_mixin.py:150} INFO - [2025-06-05T23:25:57.688-0300] {dag.py:2763} INFO - Creating ORM DAG for example_task_group_decorator
[2025-06-05T23:25:57.694-0300] {logging_mixin.py:150} INFO - [2025-06-05T23:25:57.693-0300] {dag.py:3504} INFO - Setting next_dagrun for example_task_group_decorator to 2025-06-05T02:25:57.693724+00:00, run_after=2025-06-06T02:25:57.693724+00:00
[2025-06-05T23:25:57.853-0300] {processor.py:179} INFO - Processing /home/alex/mlopszoomcamp/lib/python3.10/site-packages/airflow/example_dags/example_task_group_decorator.py took 0.614 seconds
[2025-06-05T23:27:05.844-0300] {processor.py:157} INFO - Started process (PID=36776) to work on /home/alex/mlopszoomcamp/lib/python3.10/site-packages/airflow/example_dags/example_task_group_decorator.py
[2025-06-05T23:27:05.867-0300] {processor.py:826} INFO - Processing file /home/alex/mlopszoomcamp/lib/python3.10/site-packages/airflow/example_dags/example_task_group_decorator.py for tasks to queue
[2025-06-05T23:27:05.869-0300] {logging_mixin.py:150} INFO - [2025-06-05T23:27:05.869-0300] {dagbag.py:541} INFO - Filling up the DagBag from /home/alex/mlopszoomcamp/lib/python3.10/site-packages/airflow/example_dags/example_task_group_decorator.py
[2025-06-05T23:27:05.888-0300] {processor.py:836} INFO - DAG(s) dict_keys(['example_task_group_decorator']) retrieved from /home/alex/mlopszoomcamp/lib/python3.10/site-packages/airflow/example_dags/example_task_group_decorator.py
[2025-06-05T23:27:05.897-0300] {logging_mixin.py:150} INFO - [2025-06-05T23:27:05.897-0300] {dag.py:2742} INFO - Sync 1 DAGs
[2025-06-05T23:27:05.906-0300] {logging_mixin.py:150} INFO - [2025-06-05T23:27:05.906-0300] {dag.py:3504} INFO - Setting next_dagrun for example_task_group_decorator to 2025-06-05T02:27:05.906658+00:00, run_after=2025-06-06T02:27:05.906658+00:00
[2025-06-05T23:27:06.006-0300] {processor.py:179} INFO - Processing /home/alex/mlopszoomcamp/lib/python3.10/site-packages/airflow/example_dags/example_task_group_decorator.py took 0.163 seconds
[2025-06-05T23:28:07.497-0300] {processor.py:157} INFO - Started process (PID=37169) to work on /home/alex/mlopszoomcamp/lib/python3.10/site-packages/airflow/example_dags/example_task_group_decorator.py
[2025-06-05T23:28:07.513-0300] {processor.py:826} INFO - Processing file /home/alex/mlopszoomcamp/lib/python3.10/site-packages/airflow/example_dags/example_task_group_decorator.py for tasks to queue
[2025-06-05T23:28:07.515-0300] {logging_mixin.py:150} INFO - [2025-06-05T23:28:07.514-0300] {dagbag.py:541} INFO - Filling up the DagBag from /home/alex/mlopszoomcamp/lib/python3.10/site-packages/airflow/example_dags/example_task_group_decorator.py
[2025-06-05T23:28:07.529-0300] {processor.py:836} INFO - DAG(s) dict_keys(['example_task_group_decorator']) retrieved from /home/alex/mlopszoomcamp/lib/python3.10/site-packages/airflow/example_dags/example_task_group_decorator.py
[2025-06-05T23:28:07.540-0300] {logging_mixin.py:150} INFO - [2025-06-05T23:28:07.540-0300] {dag.py:2742} INFO - Sync 1 DAGs
[2025-06-05T23:28:07.550-0300] {logging_mixin.py:150} INFO - [2025-06-05T23:28:07.550-0300] {dag.py:3504} INFO - Setting next_dagrun for example_task_group_decorator to 2025-06-05T02:28:07.550708+00:00, run_after=2025-06-06T02:28:07.550708+00:00
[2025-06-05T23:28:07.654-0300] {processor.py:179} INFO - Processing /home/alex/mlopszoomcamp/lib/python3.10/site-packages/airflow/example_dags/example_task_group_decorator.py took 0.162 seconds
