[2025-06-05T23:26:28.051-0300] {processor.py:157} INFO - Started process (PID=36709) to work on /home/alex/mlopszoomcamp/lib/python3.10/site-packages/airflow/example_dags/example_datasets.py
[2025-06-05T23:26:28.051-0300] {processor.py:826} INFO - Processing file /home/alex/mlopszoomcamp/lib/python3.10/site-packages/airflow/example_dags/example_datasets.py for tasks to queue
[2025-06-05T23:26:28.052-0300] {logging_mixin.py:150} INFO - [2025-06-05T23:26:28.052-0300] {dagbag.py:541} INFO - Filling up the DagBag from /home/alex/mlopszoomcamp/lib/python3.10/site-packages/airflow/example_dags/example_datasets.py
[2025-06-05T23:26:28.056-0300] {processor.py:836} INFO - DAG(s) dict_keys(['dataset_consumes_1', 'dataset_produces_2', 'dataset_consumes_1_and_2', 'dataset_consumes_unknown_never_scheduled', 'dataset_produces_1', 'dataset_consumes_1_never_scheduled']) retrieved from /home/alex/mlopszoomcamp/lib/python3.10/site-packages/airflow/example_dags/example_datasets.py
[2025-06-05T23:26:28.289-0300] {logging_mixin.py:150} INFO - [2025-06-05T23:26:28.288-0300] {manager.py:504} INFO - Created Permission View: can edit on DAG:dataset_consumes_1
[2025-06-05T23:26:28.382-0300] {logging_mixin.py:150} INFO - [2025-06-05T23:26:28.381-0300] {manager.py:504} INFO - Created Permission View: can read on DAG:dataset_consumes_1
[2025-06-05T23:26:28.482-0300] {logging_mixin.py:150} INFO - [2025-06-05T23:26:28.481-0300] {manager.py:504} INFO - Created Permission View: can delete on DAG:dataset_consumes_1
[2025-06-05T23:26:28.663-0300] {logging_mixin.py:150} INFO - [2025-06-05T23:26:28.663-0300] {manager.py:504} INFO - Created Permission View: can edit on DAG:dataset_produces_2
[2025-06-05T23:26:28.757-0300] {logging_mixin.py:150} INFO - [2025-06-05T23:26:28.756-0300] {manager.py:504} INFO - Created Permission View: can read on DAG:dataset_produces_2
[2025-06-05T23:26:28.865-0300] {logging_mixin.py:150} INFO - [2025-06-05T23:26:28.864-0300] {manager.py:504} INFO - Created Permission View: can delete on DAG:dataset_produces_2
[2025-06-05T23:26:29.063-0300] {logging_mixin.py:150} INFO - [2025-06-05T23:26:29.063-0300] {manager.py:504} INFO - Created Permission View: can edit on DAG:dataset_consumes_1_and_2
[2025-06-05T23:26:29.155-0300] {logging_mixin.py:150} INFO - [2025-06-05T23:26:29.155-0300] {manager.py:504} INFO - Created Permission View: can read on DAG:dataset_consumes_1_and_2
[2025-06-05T23:26:29.238-0300] {logging_mixin.py:150} INFO - [2025-06-05T23:26:29.238-0300] {manager.py:504} INFO - Created Permission View: can delete on DAG:dataset_consumes_1_and_2
[2025-06-05T23:26:29.447-0300] {logging_mixin.py:150} INFO - [2025-06-05T23:26:29.447-0300] {manager.py:504} INFO - Created Permission View: can edit on DAG:dataset_consumes_unknown_never_scheduled
[2025-06-05T23:26:29.540-0300] {logging_mixin.py:150} INFO - [2025-06-05T23:26:29.539-0300] {manager.py:504} INFO - Created Permission View: can read on DAG:dataset_consumes_unknown_never_scheduled
[2025-06-05T23:26:29.631-0300] {logging_mixin.py:150} INFO - [2025-06-05T23:26:29.631-0300] {manager.py:504} INFO - Created Permission View: can delete on DAG:dataset_consumes_unknown_never_scheduled
[2025-06-05T23:26:29.856-0300] {logging_mixin.py:150} INFO - [2025-06-05T23:26:29.856-0300] {manager.py:504} INFO - Created Permission View: can edit on DAG:dataset_produces_1
[2025-06-05T23:26:29.964-0300] {logging_mixin.py:150} INFO - [2025-06-05T23:26:29.964-0300] {manager.py:504} INFO - Created Permission View: can read on DAG:dataset_produces_1
[2025-06-05T23:26:30.057-0300] {logging_mixin.py:150} INFO - [2025-06-05T23:26:30.056-0300] {manager.py:504} INFO - Created Permission View: can delete on DAG:dataset_produces_1
[2025-06-05T23:26:30.297-0300] {logging_mixin.py:150} INFO - [2025-06-05T23:26:30.297-0300] {manager.py:504} INFO - Created Permission View: can edit on DAG:dataset_consumes_1_never_scheduled
[2025-06-05T23:26:30.390-0300] {logging_mixin.py:150} INFO - [2025-06-05T23:26:30.389-0300] {manager.py:504} INFO - Created Permission View: can read on DAG:dataset_consumes_1_never_scheduled
[2025-06-05T23:26:30.506-0300] {logging_mixin.py:150} INFO - [2025-06-05T23:26:30.505-0300] {manager.py:504} INFO - Created Permission View: can delete on DAG:dataset_consumes_1_never_scheduled
[2025-06-05T23:26:30.521-0300] {logging_mixin.py:150} INFO - [2025-06-05T23:26:30.520-0300] {dag.py:2742} INFO - Sync 6 DAGs
[2025-06-05T23:26:30.546-0300] {logging_mixin.py:150} INFO - [2025-06-05T23:26:30.546-0300] {dag.py:2763} INFO - Creating ORM DAG for dataset_produces_1
[2025-06-05T23:26:30.547-0300] {logging_mixin.py:150} INFO - [2025-06-05T23:26:30.547-0300] {dag.py:2763} INFO - Creating ORM DAG for dataset_produces_2
[2025-06-05T23:26:30.548-0300] {logging_mixin.py:150} INFO - [2025-06-05T23:26:30.547-0300] {dag.py:2763} INFO - Creating ORM DAG for dataset_consumes_1_and_2
[2025-06-05T23:26:30.548-0300] {logging_mixin.py:150} INFO - [2025-06-05T23:26:30.548-0300] {dag.py:2763} INFO - Creating ORM DAG for dataset_consumes_1_never_scheduled
[2025-06-05T23:26:30.549-0300] {logging_mixin.py:150} INFO - [2025-06-05T23:26:30.549-0300] {dag.py:2763} INFO - Creating ORM DAG for dataset_consumes_unknown_never_scheduled
[2025-06-05T23:26:30.549-0300] {logging_mixin.py:150} INFO - [2025-06-05T23:26:30.549-0300] {dag.py:2763} INFO - Creating ORM DAG for dataset_consumes_1
[2025-06-05T23:26:30.662-0300] {logging_mixin.py:150} INFO - [2025-06-05T23:26:30.662-0300] {dag.py:3504} INFO - Setting next_dagrun for dataset_consumes_1 to None, run_after=None
[2025-06-05T23:26:30.665-0300] {logging_mixin.py:150} INFO - [2025-06-05T23:26:30.664-0300] {dag.py:3504} INFO - Setting next_dagrun for dataset_consumes_1_and_2 to None, run_after=None
[2025-06-05T23:26:30.667-0300] {logging_mixin.py:150} INFO - [2025-06-05T23:26:30.666-0300] {dag.py:3504} INFO - Setting next_dagrun for dataset_consumes_1_never_scheduled to None, run_after=None
[2025-06-05T23:26:30.668-0300] {logging_mixin.py:150} INFO - [2025-06-05T23:26:30.668-0300] {dag.py:3504} INFO - Setting next_dagrun for dataset_consumes_unknown_never_scheduled to None, run_after=None
[2025-06-05T23:26:30.673-0300] {logging_mixin.py:150} INFO - [2025-06-05T23:26:30.673-0300] {dag.py:3504} INFO - Setting next_dagrun for dataset_produces_1 to 2025-06-05T00:00:00+00:00, run_after=2025-06-06T00:00:00+00:00
[2025-06-05T23:26:30.673-0300] {logging_mixin.py:150} INFO - [2025-06-05T23:26:30.673-0300] {dag.py:3504} INFO - Setting next_dagrun for dataset_produces_2 to None, run_after=None
[2025-06-05T23:26:30.799-0300] {processor.py:179} INFO - Processing /home/alex/mlopszoomcamp/lib/python3.10/site-packages/airflow/example_dags/example_datasets.py took 2.750 seconds
[2025-06-05T23:27:32.927-0300] {processor.py:157} INFO - Started process (PID=36927) to work on /home/alex/mlopszoomcamp/lib/python3.10/site-packages/airflow/example_dags/example_datasets.py
[2025-06-05T23:27:32.928-0300] {processor.py:826} INFO - Processing file /home/alex/mlopszoomcamp/lib/python3.10/site-packages/airflow/example_dags/example_datasets.py for tasks to queue
[2025-06-05T23:27:32.928-0300] {logging_mixin.py:150} INFO - [2025-06-05T23:27:32.928-0300] {dagbag.py:541} INFO - Filling up the DagBag from /home/alex/mlopszoomcamp/lib/python3.10/site-packages/airflow/example_dags/example_datasets.py
[2025-06-05T23:27:32.933-0300] {processor.py:836} INFO - DAG(s) dict_keys(['dataset_consumes_unknown_never_scheduled', 'dataset_consumes_1_never_scheduled', 'dataset_produces_1', 'dataset_consumes_1', 'dataset_consumes_1_and_2', 'dataset_produces_2']) retrieved from /home/alex/mlopszoomcamp/lib/python3.10/site-packages/airflow/example_dags/example_datasets.py
[2025-06-05T23:27:32.947-0300] {logging_mixin.py:150} INFO - [2025-06-05T23:27:32.947-0300] {dag.py:2742} INFO - Sync 6 DAGs
[2025-06-05T23:27:32.958-0300] {logging_mixin.py:150} INFO - [2025-06-05T23:27:32.958-0300] {dag.py:3504} INFO - Setting next_dagrun for dataset_consumes_1 to None, run_after=None
[2025-06-05T23:27:32.960-0300] {logging_mixin.py:150} INFO - [2025-06-05T23:27:32.960-0300] {dag.py:3504} INFO - Setting next_dagrun for dataset_consumes_1_and_2 to None, run_after=None
[2025-06-05T23:27:32.960-0300] {logging_mixin.py:150} INFO - [2025-06-05T23:27:32.960-0300] {dag.py:3504} INFO - Setting next_dagrun for dataset_consumes_1_never_scheduled to None, run_after=None
[2025-06-05T23:27:32.961-0300] {logging_mixin.py:150} INFO - [2025-06-05T23:27:32.961-0300] {dag.py:3504} INFO - Setting next_dagrun for dataset_consumes_unknown_never_scheduled to None, run_after=None
[2025-06-05T23:27:32.962-0300] {logging_mixin.py:150} INFO - [2025-06-05T23:27:32.962-0300] {dag.py:3504} INFO - Setting next_dagrun for dataset_produces_1 to 2025-06-05T00:00:00+00:00, run_after=2025-06-06T00:00:00+00:00
[2025-06-05T23:27:32.962-0300] {logging_mixin.py:150} INFO - [2025-06-05T23:27:32.962-0300] {dag.py:3504} INFO - Setting next_dagrun for dataset_produces_2 to None, run_after=None
[2025-06-05T23:27:33.075-0300] {processor.py:179} INFO - Processing /home/alex/mlopszoomcamp/lib/python3.10/site-packages/airflow/example_dags/example_datasets.py took 0.150 seconds
