[2025-06-05T23:25:11.023-0300] {processor.py:157} INFO - Started process (PID=36521) to work on /home/alex/mlopszoomcamp/lib/python3.10/site-packages/airflow/example_dags/tutorial.py
[2025-06-05T23:25:11.025-0300] {processor.py:826} INFO - Processing file /home/alex/mlopszoomcamp/lib/python3.10/site-packages/airflow/example_dags/tutorial.py for tasks to queue
[2025-06-05T23:25:11.027-0300] {logging_mixin.py:150} INFO - [2025-06-05T23:25:11.026-0300] {dagbag.py:541} INFO - Filling up the DagBag from /home/alex/mlopszoomcamp/lib/python3.10/site-packages/airflow/example_dags/tutorial.py
[2025-06-05T23:25:11.044-0300] {processor.py:836} INFO - DAG(s) dict_keys(['tutorial']) retrieved from /home/alex/mlopszoomcamp/lib/python3.10/site-packages/airflow/example_dags/tutorial.py
[2025-06-05T23:25:11.744-0300] {logging_mixin.py:150} INFO - [2025-06-05T23:25:11.743-0300] {manager.py:504} INFO - Created Permission View: can edit on DAG:tutorial
[2025-06-05T23:25:11.827-0300] {logging_mixin.py:150} INFO - [2025-06-05T23:25:11.827-0300] {manager.py:504} INFO - Created Permission View: can read on DAG:tutorial
[2025-06-05T23:25:11.911-0300] {logging_mixin.py:150} INFO - [2025-06-05T23:25:11.910-0300] {manager.py:504} INFO - Created Permission View: can delete on DAG:tutorial
[2025-06-05T23:25:11.935-0300] {logging_mixin.py:150} INFO - [2025-06-05T23:25:11.935-0300] {dag.py:2742} INFO - Sync 1 DAGs
[2025-06-05T23:25:11.941-0300] {logging_mixin.py:150} INFO - [2025-06-05T23:25:11.941-0300] {dag.py:2763} INFO - Creating ORM DAG for tutorial
[2025-06-05T23:25:11.946-0300] {logging_mixin.py:150} INFO - [2025-06-05T23:25:11.946-0300] {dag.py:3504} INFO - Setting next_dagrun for tutorial to 2025-06-05T02:25:11.946335+00:00, run_after=2025-06-06T02:25:11.946335+00:00
[2025-06-05T23:25:12.086-0300] {processor.py:179} INFO - Processing /home/alex/mlopszoomcamp/lib/python3.10/site-packages/airflow/example_dags/tutorial.py took 1.069 seconds
[2025-06-05T23:26:48.691-0300] {processor.py:157} INFO - Started process (PID=36746) to work on /home/alex/mlopszoomcamp/lib/python3.10/site-packages/airflow/example_dags/tutorial.py
[2025-06-05T23:26:48.691-0300] {processor.py:826} INFO - Processing file /home/alex/mlopszoomcamp/lib/python3.10/site-packages/airflow/example_dags/tutorial.py for tasks to queue
[2025-06-05T23:26:48.692-0300] {logging_mixin.py:150} INFO - [2025-06-05T23:26:48.692-0300] {dagbag.py:541} INFO - Filling up the DagBag from /home/alex/mlopszoomcamp/lib/python3.10/site-packages/airflow/example_dags/tutorial.py
[2025-06-05T23:26:48.695-0300] {processor.py:836} INFO - DAG(s) dict_keys(['tutorial']) retrieved from /home/alex/mlopszoomcamp/lib/python3.10/site-packages/airflow/example_dags/tutorial.py
[2025-06-05T23:26:48.703-0300] {logging_mixin.py:150} INFO - [2025-06-05T23:26:48.703-0300] {dag.py:2742} INFO - Sync 1 DAGs
[2025-06-05T23:26:48.712-0300] {logging_mixin.py:150} INFO - [2025-06-05T23:26:48.712-0300] {dag.py:3504} INFO - Setting next_dagrun for tutorial to 2025-06-05T02:26:48.712465+00:00, run_after=2025-06-06T02:26:48.712465+00:00
[2025-06-05T23:26:48.812-0300] {processor.py:179} INFO - Processing /home/alex/mlopszoomcamp/lib/python3.10/site-packages/airflow/example_dags/tutorial.py took 0.123 seconds
[2025-06-05T23:27:22.633-0300] {processor.py:157} INFO - Started process (PID=36803) to work on /home/alex/mlopszoomcamp/lib/python3.10/site-packages/airflow/example_dags/tutorial.py
[2025-06-05T23:27:22.634-0300] {processor.py:826} INFO - Processing file /home/alex/mlopszoomcamp/lib/python3.10/site-packages/airflow/example_dags/tutorial.py for tasks to queue
[2025-06-05T23:27:22.636-0300] {logging_mixin.py:150} INFO - [2025-06-05T23:27:22.635-0300] {dagbag.py:541} INFO - Filling up the DagBag from /home/alex/mlopszoomcamp/lib/python3.10/site-packages/airflow/example_dags/tutorial.py
[2025-06-05T23:27:22.643-0300] {processor.py:836} INFO - DAG(s) dict_keys(['tutorial']) retrieved from /home/alex/mlopszoomcamp/lib/python3.10/site-packages/airflow/example_dags/tutorial.py
[2025-06-05T23:27:22.651-0300] {logging_mixin.py:150} INFO - [2025-06-05T23:27:22.651-0300] {dag.py:2742} INFO - Sync 1 DAGs
[2025-06-05T23:27:22.660-0300] {logging_mixin.py:150} INFO - [2025-06-05T23:27:22.660-0300] {dag.py:3504} INFO - Setting next_dagrun for tutorial to 2025-06-05T02:27:22.660160+00:00, run_after=2025-06-06T02:27:22.660160+00:00
[2025-06-05T23:27:22.770-0300] {processor.py:179} INFO - Processing /home/alex/mlopszoomcamp/lib/python3.10/site-packages/airflow/example_dags/tutorial.py took 0.142 seconds
[2025-06-05T23:28:17.870-0300] {processor.py:157} INFO - Started process (PID=37193) to work on /home/alex/mlopszoomcamp/lib/python3.10/site-packages/airflow/example_dags/tutorial.py
[2025-06-05T23:28:17.889-0300] {processor.py:826} INFO - Processing file /home/alex/mlopszoomcamp/lib/python3.10/site-packages/airflow/example_dags/tutorial.py for tasks to queue
[2025-06-05T23:28:17.891-0300] {logging_mixin.py:150} INFO - [2025-06-05T23:28:17.890-0300] {dagbag.py:541} INFO - Filling up the DagBag from /home/alex/mlopszoomcamp/lib/python3.10/site-packages/airflow/example_dags/tutorial.py
[2025-06-05T23:28:17.906-0300] {processor.py:836} INFO - DAG(s) dict_keys(['tutorial']) retrieved from /home/alex/mlopszoomcamp/lib/python3.10/site-packages/airflow/example_dags/tutorial.py
[2025-06-05T23:28:17.939-0300] {logging_mixin.py:150} INFO - [2025-06-05T23:28:17.939-0300] {dag.py:2742} INFO - Sync 1 DAGs
[2025-06-05T23:28:17.956-0300] {logging_mixin.py:150} INFO - [2025-06-05T23:28:17.956-0300] {dag.py:3504} INFO - Setting next_dagrun for tutorial to 2025-06-05T02:28:17.956515+00:00, run_after=2025-06-06T02:28:17.956515+00:00
[2025-06-05T23:28:18.046-0300] {processor.py:179} INFO - Processing /home/alex/mlopszoomcamp/lib/python3.10/site-packages/airflow/example_dags/tutorial.py took 0.181 seconds
