[2025-06-05T23:25:22.430-0300] {processor.py:157} INFO - Started process (PID=36528) to work on /home/alex/mlopszoomcamp/lib/python3.10/site-packages/airflow/example_dags/tutorial_dag.py
[2025-06-05T23:25:22.431-0300] {processor.py:826} INFO - Processing file /home/alex/mlopszoomcamp/lib/python3.10/site-packages/airflow/example_dags/tutorial_dag.py for tasks to queue
[2025-06-05T23:25:22.432-0300] {logging_mixin.py:150} INFO - [2025-06-05T23:25:22.432-0300] {dagbag.py:541} INFO - Filling up the DagBag from /home/alex/mlopszoomcamp/lib/python3.10/site-packages/airflow/example_dags/tutorial_dag.py
[2025-06-05T23:25:22.438-0300] {processor.py:836} INFO - DAG(s) dict_keys(['tutorial_dag']) retrieved from /home/alex/mlopszoomcamp/lib/python3.10/site-packages/airflow/example_dags/tutorial_dag.py
[2025-06-05T23:25:25.093-0300] {logging_mixin.py:150} INFO - [2025-06-05T23:25:25.092-0300] {manager.py:504} INFO - Created Permission View: can edit on DAG:tutorial_dag
[2025-06-05T23:25:25.602-0300] {logging_mixin.py:150} INFO - [2025-06-05T23:25:25.602-0300] {manager.py:504} INFO - Created Permission View: can read on DAG:tutorial_dag
[2025-06-05T23:25:25.675-0300] {logging_mixin.py:150} INFO - [2025-06-05T23:25:25.675-0300] {manager.py:504} INFO - Created Permission View: can delete on DAG:tutorial_dag
[2025-06-05T23:25:25.681-0300] {logging_mixin.py:150} INFO - [2025-06-05T23:25:25.680-0300] {dag.py:2742} INFO - Sync 1 DAGs
[2025-06-05T23:25:25.685-0300] {logging_mixin.py:150} INFO - [2025-06-05T23:25:25.685-0300] {dag.py:2763} INFO - Creating ORM DAG for tutorial_dag
[2025-06-05T23:25:25.689-0300] {logging_mixin.py:150} INFO - [2025-06-05T23:25:25.689-0300] {dag.py:3504} INFO - Setting next_dagrun for tutorial_dag to None, run_after=None
[2025-06-05T23:25:25.829-0300] {processor.py:179} INFO - Processing /home/alex/mlopszoomcamp/lib/python3.10/site-packages/airflow/example_dags/tutorial_dag.py took 3.402 seconds
[2025-06-05T23:26:52.446-0300] {processor.py:157} INFO - Started process (PID=36751) to work on /home/alex/mlopszoomcamp/lib/python3.10/site-packages/airflow/example_dags/tutorial_dag.py
[2025-06-05T23:26:52.446-0300] {processor.py:826} INFO - Processing file /home/alex/mlopszoomcamp/lib/python3.10/site-packages/airflow/example_dags/tutorial_dag.py for tasks to queue
[2025-06-05T23:26:52.447-0300] {logging_mixin.py:150} INFO - [2025-06-05T23:26:52.447-0300] {dagbag.py:541} INFO - Filling up the DagBag from /home/alex/mlopszoomcamp/lib/python3.10/site-packages/airflow/example_dags/tutorial_dag.py
[2025-06-05T23:26:52.449-0300] {processor.py:836} INFO - DAG(s) dict_keys(['tutorial_dag']) retrieved from /home/alex/mlopszoomcamp/lib/python3.10/site-packages/airflow/example_dags/tutorial_dag.py
[2025-06-05T23:26:52.457-0300] {logging_mixin.py:150} INFO - [2025-06-05T23:26:52.457-0300] {dag.py:2742} INFO - Sync 1 DAGs
[2025-06-05T23:26:52.466-0300] {logging_mixin.py:150} INFO - [2025-06-05T23:26:52.466-0300] {dag.py:3504} INFO - Setting next_dagrun for tutorial_dag to None, run_after=None
[2025-06-05T23:26:52.571-0300] {processor.py:179} INFO - Processing /home/alex/mlopszoomcamp/lib/python3.10/site-packages/airflow/example_dags/tutorial_dag.py took 0.128 seconds
[2025-06-05T23:27:46.904-0300] {processor.py:157} INFO - Started process (PID=36994) to work on /home/alex/mlopszoomcamp/lib/python3.10/site-packages/airflow/example_dags/tutorial_dag.py
[2025-06-05T23:27:46.906-0300] {processor.py:826} INFO - Processing file /home/alex/mlopszoomcamp/lib/python3.10/site-packages/airflow/example_dags/tutorial_dag.py for tasks to queue
[2025-06-05T23:27:46.908-0300] {logging_mixin.py:150} INFO - [2025-06-05T23:27:46.907-0300] {dagbag.py:541} INFO - Filling up the DagBag from /home/alex/mlopszoomcamp/lib/python3.10/site-packages/airflow/example_dags/tutorial_dag.py
[2025-06-05T23:27:46.914-0300] {processor.py:836} INFO - DAG(s) dict_keys(['tutorial_dag']) retrieved from /home/alex/mlopszoomcamp/lib/python3.10/site-packages/airflow/example_dags/tutorial_dag.py
[2025-06-05T23:27:46.925-0300] {logging_mixin.py:150} INFO - [2025-06-05T23:27:46.925-0300] {dag.py:2742} INFO - Sync 1 DAGs
[2025-06-05T23:27:46.935-0300] {logging_mixin.py:150} INFO - [2025-06-05T23:27:46.935-0300] {dag.py:3504} INFO - Setting next_dagrun for tutorial_dag to None, run_after=None
[2025-06-05T23:27:47.043-0300] {processor.py:179} INFO - Processing /home/alex/mlopszoomcamp/lib/python3.10/site-packages/airflow/example_dags/tutorial_dag.py took 0.146 seconds
