[2025-06-05T23:25:19.366-0300] {processor.py:157} INFO - Started process (PID=36527) to work on /home/alex/mlopszoomcamp/lib/python3.10/site-packages/airflow/example_dags/tutorial_taskflow_api.py
[2025-06-05T23:25:19.367-0300] {processor.py:826} INFO - Processing file /home/alex/mlopszoomcamp/lib/python3.10/site-packages/airflow/example_dags/tutorial_taskflow_api.py for tasks to queue
[2025-06-05T23:25:19.369-0300] {logging_mixin.py:150} INFO - [2025-06-05T23:25:19.368-0300] {dagbag.py:541} INFO - Filling up the DagBag from /home/alex/mlopszoomcamp/lib/python3.10/site-packages/airflow/example_dags/tutorial_taskflow_api.py
[2025-06-05T23:25:19.378-0300] {processor.py:836} INFO - DAG(s) dict_keys(['tutorial_taskflow_api']) retrieved from /home/alex/mlopszoomcamp/lib/python3.10/site-packages/airflow/example_dags/tutorial_taskflow_api.py
[2025-06-05T23:25:21.002-0300] {logging_mixin.py:150} INFO - [2025-06-05T23:25:21.001-0300] {manager.py:504} INFO - Created Permission View: can edit on DAG:tutorial_taskflow_api
[2025-06-05T23:25:21.085-0300] {logging_mixin.py:150} INFO - [2025-06-05T23:25:21.084-0300] {manager.py:504} INFO - Created Permission View: can read on DAG:tutorial_taskflow_api
[2025-06-05T23:25:21.169-0300] {logging_mixin.py:150} INFO - [2025-06-05T23:25:21.168-0300] {manager.py:504} INFO - Created Permission View: can delete on DAG:tutorial_taskflow_api
[2025-06-05T23:25:21.189-0300] {logging_mixin.py:150} INFO - [2025-06-05T23:25:21.188-0300] {dag.py:2742} INFO - Sync 1 DAGs
[2025-06-05T23:25:21.193-0300] {logging_mixin.py:150} INFO - [2025-06-05T23:25:21.193-0300] {dag.py:2763} INFO - Creating ORM DAG for tutorial_taskflow_api
[2025-06-05T23:25:21.197-0300] {logging_mixin.py:150} INFO - [2025-06-05T23:25:21.197-0300] {dag.py:3504} INFO - Setting next_dagrun for tutorial_taskflow_api to None, run_after=None
[2025-06-05T23:25:21.435-0300] {processor.py:179} INFO - Processing /home/alex/mlopszoomcamp/lib/python3.10/site-packages/airflow/example_dags/tutorial_taskflow_api.py took 2.075 seconds
[2025-06-05T23:26:51.205-0300] {processor.py:157} INFO - Started process (PID=36750) to work on /home/alex/mlopszoomcamp/lib/python3.10/site-packages/airflow/example_dags/tutorial_taskflow_api.py
[2025-06-05T23:26:51.220-0300] {processor.py:826} INFO - Processing file /home/alex/mlopszoomcamp/lib/python3.10/site-packages/airflow/example_dags/tutorial_taskflow_api.py for tasks to queue
[2025-06-05T23:26:51.222-0300] {logging_mixin.py:150} INFO - [2025-06-05T23:26:51.222-0300] {dagbag.py:541} INFO - Filling up the DagBag from /home/alex/mlopszoomcamp/lib/python3.10/site-packages/airflow/example_dags/tutorial_taskflow_api.py
[2025-06-05T23:26:51.233-0300] {processor.py:836} INFO - DAG(s) dict_keys(['tutorial_taskflow_api']) retrieved from /home/alex/mlopszoomcamp/lib/python3.10/site-packages/airflow/example_dags/tutorial_taskflow_api.py
[2025-06-05T23:26:51.245-0300] {logging_mixin.py:150} INFO - [2025-06-05T23:26:51.245-0300] {dag.py:2742} INFO - Sync 1 DAGs
[2025-06-05T23:26:51.256-0300] {logging_mixin.py:150} INFO - [2025-06-05T23:26:51.255-0300] {dag.py:3504} INFO - Setting next_dagrun for tutorial_taskflow_api to None, run_after=None
[2025-06-05T23:26:51.354-0300] {processor.py:179} INFO - Processing /home/alex/mlopszoomcamp/lib/python3.10/site-packages/airflow/example_dags/tutorial_taskflow_api.py took 0.150 seconds
[2025-06-05T23:27:45.642-0300] {processor.py:157} INFO - Started process (PID=36943) to work on /home/alex/mlopszoomcamp/lib/python3.10/site-packages/airflow/example_dags/tutorial_taskflow_api.py
[2025-06-05T23:27:45.652-0300] {processor.py:826} INFO - Processing file /home/alex/mlopszoomcamp/lib/python3.10/site-packages/airflow/example_dags/tutorial_taskflow_api.py for tasks to queue
[2025-06-05T23:27:45.653-0300] {logging_mixin.py:150} INFO - [2025-06-05T23:27:45.653-0300] {dagbag.py:541} INFO - Filling up the DagBag from /home/alex/mlopszoomcamp/lib/python3.10/site-packages/airflow/example_dags/tutorial_taskflow_api.py
[2025-06-05T23:27:45.664-0300] {processor.py:836} INFO - DAG(s) dict_keys(['tutorial_taskflow_api']) retrieved from /home/alex/mlopszoomcamp/lib/python3.10/site-packages/airflow/example_dags/tutorial_taskflow_api.py
[2025-06-05T23:27:45.677-0300] {logging_mixin.py:150} INFO - [2025-06-05T23:27:45.676-0300] {dag.py:2742} INFO - Sync 1 DAGs
[2025-06-05T23:27:45.686-0300] {logging_mixin.py:150} INFO - [2025-06-05T23:27:45.686-0300] {dag.py:3504} INFO - Setting next_dagrun for tutorial_taskflow_api to None, run_after=None
[2025-06-05T23:27:45.794-0300] {processor.py:179} INFO - Processing /home/alex/mlopszoomcamp/lib/python3.10/site-packages/airflow/example_dags/tutorial_taskflow_api.py took 0.158 seconds
[2025-06-05T23:28:20.472-0300] {processor.py:157} INFO - Started process (PID=37197) to work on /home/alex/mlopszoomcamp/lib/python3.10/site-packages/airflow/example_dags/tutorial_taskflow_api.py
[2025-06-05T23:28:20.474-0300] {processor.py:826} INFO - Processing file /home/alex/mlopszoomcamp/lib/python3.10/site-packages/airflow/example_dags/tutorial_taskflow_api.py for tasks to queue
[2025-06-05T23:28:20.475-0300] {logging_mixin.py:150} INFO - [2025-06-05T23:28:20.474-0300] {dagbag.py:541} INFO - Filling up the DagBag from /home/alex/mlopszoomcamp/lib/python3.10/site-packages/airflow/example_dags/tutorial_taskflow_api.py
[2025-06-05T23:28:20.482-0300] {processor.py:836} INFO - DAG(s) dict_keys(['tutorial_taskflow_api']) retrieved from /home/alex/mlopszoomcamp/lib/python3.10/site-packages/airflow/example_dags/tutorial_taskflow_api.py
[2025-06-05T23:28:20.491-0300] {logging_mixin.py:150} INFO - [2025-06-05T23:28:20.491-0300] {dag.py:2742} INFO - Sync 1 DAGs
[2025-06-05T23:28:20.502-0300] {logging_mixin.py:150} INFO - [2025-06-05T23:28:20.501-0300] {dag.py:3504} INFO - Setting next_dagrun for tutorial_taskflow_api to None, run_after=None
[2025-06-05T23:28:20.601-0300] {processor.py:179} INFO - Processing /home/alex/mlopszoomcamp/lib/python3.10/site-packages/airflow/example_dags/tutorial_taskflow_api.py took 0.133 seconds
