[2025-06-05T23:25:27.379-0300] {processor.py:157} INFO - Started process (PID=36529) to work on /home/alex/mlopszoomcamp/lib/python3.10/site-packages/airflow/example_dags/tutorial_taskflow_api_virtualenv.py
[2025-06-05T23:25:27.380-0300] {processor.py:826} INFO - Processing file /home/alex/mlopszoomcamp/lib/python3.10/site-packages/airflow/example_dags/tutorial_taskflow_api_virtualenv.py for tasks to queue
[2025-06-05T23:25:27.381-0300] {logging_mixin.py:150} INFO - [2025-06-05T23:25:27.381-0300] {dagbag.py:541} INFO - Filling up the DagBag from /home/alex/mlopszoomcamp/lib/python3.10/site-packages/airflow/example_dags/tutorial_taskflow_api_virtualenv.py
[2025-06-05T23:25:27.398-0300] {processor.py:836} INFO - DAG(s) dict_keys(['tutorial_taskflow_api_virtualenv']) retrieved from /home/alex/mlopszoomcamp/lib/python3.10/site-packages/airflow/example_dags/tutorial_taskflow_api_virtualenv.py
[2025-06-05T23:25:33.611-0300] {logging_mixin.py:150} INFO - [2025-06-05T23:25:33.610-0300] {manager.py:504} INFO - Created Permission View: can edit on DAG:tutorial_taskflow_api_virtualenv
[2025-06-05T23:25:33.727-0300] {logging_mixin.py:150} INFO - [2025-06-05T23:25:33.727-0300] {manager.py:504} INFO - Created Permission View: can read on DAG:tutorial_taskflow_api_virtualenv
[2025-06-05T23:25:35.844-0300] {logging_mixin.py:150} INFO - [2025-06-05T23:25:35.843-0300] {manager.py:504} INFO - Created Permission View: can delete on DAG:tutorial_taskflow_api_virtualenv
[2025-06-05T23:25:36.098-0300] {logging_mixin.py:150} INFO - [2025-06-05T23:25:36.097-0300] {dag.py:2742} INFO - Sync 1 DAGs
[2025-06-05T23:25:36.294-0300] {logging_mixin.py:150} INFO - [2025-06-05T23:25:36.294-0300] {dag.py:2763} INFO - Creating ORM DAG for tutorial_taskflow_api_virtualenv
[2025-06-05T23:25:36.722-0300] {logging_mixin.py:150} INFO - [2025-06-05T23:25:36.722-0300] {dag.py:3504} INFO - Setting next_dagrun for tutorial_taskflow_api_virtualenv to None, run_after=None
[2025-06-05T23:25:39.489-0300] {processor.py:179} INFO - Processing /home/alex/mlopszoomcamp/lib/python3.10/site-packages/airflow/example_dags/tutorial_taskflow_api_virtualenv.py took 12.115 seconds
[2025-06-05T23:26:53.779-0300] {processor.py:157} INFO - Started process (PID=36753) to work on /home/alex/mlopszoomcamp/lib/python3.10/site-packages/airflow/example_dags/tutorial_taskflow_api_virtualenv.py
[2025-06-05T23:26:53.785-0300] {processor.py:826} INFO - Processing file /home/alex/mlopszoomcamp/lib/python3.10/site-packages/airflow/example_dags/tutorial_taskflow_api_virtualenv.py for tasks to queue
[2025-06-05T23:26:53.788-0300] {logging_mixin.py:150} INFO - [2025-06-05T23:26:53.787-0300] {dagbag.py:541} INFO - Filling up the DagBag from /home/alex/mlopszoomcamp/lib/python3.10/site-packages/airflow/example_dags/tutorial_taskflow_api_virtualenv.py
[2025-06-05T23:26:53.797-0300] {processor.py:836} INFO - DAG(s) dict_keys(['tutorial_taskflow_api_virtualenv']) retrieved from /home/alex/mlopszoomcamp/lib/python3.10/site-packages/airflow/example_dags/tutorial_taskflow_api_virtualenv.py
[2025-06-05T23:26:53.807-0300] {logging_mixin.py:150} INFO - [2025-06-05T23:26:53.807-0300] {dag.py:2742} INFO - Sync 1 DAGs
[2025-06-05T23:26:53.818-0300] {logging_mixin.py:150} INFO - [2025-06-05T23:26:53.818-0300] {dag.py:3504} INFO - Setting next_dagrun for tutorial_taskflow_api_virtualenv to None, run_after=None
[2025-06-05T23:26:53.916-0300] {processor.py:179} INFO - Processing /home/alex/mlopszoomcamp/lib/python3.10/site-packages/airflow/example_dags/tutorial_taskflow_api_virtualenv.py took 0.140 seconds
[2025-06-05T23:27:48.157-0300] {processor.py:157} INFO - Started process (PID=37045) to work on /home/alex/mlopszoomcamp/lib/python3.10/site-packages/airflow/example_dags/tutorial_taskflow_api_virtualenv.py
[2025-06-05T23:27:48.167-0300] {processor.py:826} INFO - Processing file /home/alex/mlopszoomcamp/lib/python3.10/site-packages/airflow/example_dags/tutorial_taskflow_api_virtualenv.py for tasks to queue
[2025-06-05T23:27:48.169-0300] {logging_mixin.py:150} INFO - [2025-06-05T23:27:48.168-0300] {dagbag.py:541} INFO - Filling up the DagBag from /home/alex/mlopszoomcamp/lib/python3.10/site-packages/airflow/example_dags/tutorial_taskflow_api_virtualenv.py
[2025-06-05T23:27:48.178-0300] {processor.py:836} INFO - DAG(s) dict_keys(['tutorial_taskflow_api_virtualenv']) retrieved from /home/alex/mlopszoomcamp/lib/python3.10/site-packages/airflow/example_dags/tutorial_taskflow_api_virtualenv.py
[2025-06-05T23:27:48.190-0300] {logging_mixin.py:150} INFO - [2025-06-05T23:27:48.190-0300] {dag.py:2742} INFO - Sync 1 DAGs
[2025-06-05T23:27:48.201-0300] {logging_mixin.py:150} INFO - [2025-06-05T23:27:48.201-0300] {dag.py:3504} INFO - Setting next_dagrun for tutorial_taskflow_api_virtualenv to None, run_after=None
[2025-06-05T23:27:48.310-0300] {processor.py:179} INFO - Processing /home/alex/mlopszoomcamp/lib/python3.10/site-packages/airflow/example_dags/tutorial_taskflow_api_virtualenv.py took 0.156 seconds
